WARNING: An illegal reflective access operation has occurred
WARNING: Illegal reflective access by com.google.inject.internal.cglib.core.$ReflectUtils$1 (file:/usr/share/maven/lib/guice.jar) to method java.lang.ClassLoader.defineClass(java.lang.String,byte[],int,int,java.security.ProtectionDomain)
WARNING: Please consider reporting this to the maintainers of com.google.inject.internal.cglib.core.$ReflectUtils$1
WARNING: Use --illegal-access=warn to enable warnings of further illegal reflective access operations
WARNING: All illegal access operations will be denied in a future release
[[1;34mINFO[m] Scanning for projects...
[[1;34mINFO[m] 
[[1;34mINFO[m] [1m----------------< [0;36morg.folio:domain-models-maven-plugin[0;1m >----------------[m
[[1;34mINFO[m] [1mBuilding domain-models-maven-plugin 31.2.0-SNAPSHOT[m
[[1;34mINFO[m] [1m----------------------------[ maven-plugin ]----------------------------[m
[[1;34mINFO[m] 
[[1;34mINFO[m] [1m--- [0;32mmaven-clean-plugin:2.5:clean[m [1m(default-clean)[m @ [36mdomain-models-maven-plugin[0;1m ---[m
[[1;34mINFO[m] Deleting /home/julian/git/raml-module-builder/domain-models-maven-plugin/target
[[1;34mINFO[m] 
[[1;34mINFO[m] [1m--- [0;32mproperties-maven-plugin:1.0.0:set-system-properties[m [1m(default)[m @ [36mdomain-models-maven-plugin[0;1m ---[m
[[1;34mINFO[m] Set 1 system property
[[1;34mINFO[m] 
[[1;34mINFO[m] [1m--- [0;32mexec-maven-plugin:3.0.0:exec[m [1m(git submodule update)[m @ [36mdomain-models-maven-plugin[0;1m ---[m
[[1;34mINFO[m] 
[[1;34mINFO[m] [1m--- [0;32mmaven-plugin-plugin:3.6.0:helpmojo[m [1m(help-goal)[m @ [36mdomain-models-maven-plugin[0;1m ---[m
[[1;34mINFO[m] Using 'UTF-8' encoding to read mojo source files.
[[1;34mINFO[m] java-javadoc mojo extractor found 0 mojo descriptor.
[[1;34mINFO[m] java-annotations mojo extractor found 0 mojo descriptor.
[[1;34mINFO[m] 
[[1;34mINFO[m] [1m--- [0;32mmaven-resources-plugin:3.1.0:resources[m [1m(default-resources)[m @ [36mdomain-models-maven-plugin[0;1m ---[m
[[1;34mINFO[m] Using 'UTF-8' encoding to copy filtered resources.
[[1;34mINFO[m] Copying 3 resources
[[1;34mINFO[m] 
[[1;34mINFO[m] [1m--- [0;32mmaven-compiler-plugin:3.8.1:compile[m [1m(default-compile)[m @ [36mdomain-models-maven-plugin[0;1m ---[m
[[1;34mINFO[m] Changes detected - recompiling the module!
[[1;34mINFO[m] Compiling 15 source files to /home/julian/git/raml-module-builder/domain-models-maven-plugin/target/classes
[[1;34mINFO[m] 
[[1;34mINFO[m] [1m--- [0;32maspectj-maven-plugin:1.12.6:compile[m [1m(default)[m @ [36mdomain-models-maven-plugin[0;1m ---[m
[[1;34mINFO[m] Showing AJC message detail for messages of types: [error, warning, fail]
[[1;34mINFO[m] 
[[1;34mINFO[m] [1m--- [0;32mmaven-plugin-plugin:3.6.0:descriptor[m [1m(default-descriptor)[m @ [36mdomain-models-maven-plugin[0;1m ---[m
[[1;34mINFO[m] Using 'UTF-8' encoding to read mojo source files.
[[1;34mINFO[m] java-javadoc mojo extractor found 0 mojo descriptor.
[[1;34mINFO[m] java-annotations mojo extractor found 2 mojo descriptors.
[[1;34mINFO[m] 
[[1;34mINFO[m] [1m--- [0;32mmaven-checkstyle-plugin:3.1.1:check[m [1m(verify-style)[m @ [36mdomain-models-maven-plugin[0;1m ---[m
[[1;34mINFO[m] You have 0 Checkstyle violations.
[[1;34mINFO[m] 
[[1;34mINFO[m] [1m--- [0;32mmaven-plugin-plugin:3.6.0:descriptor[m [1m(mojo-descriptor)[m @ [36mdomain-models-maven-plugin[0;1m ---[m
[[1;34mINFO[m] Using 'UTF-8' encoding to read mojo source files.
[[1;34mINFO[m] java-javadoc mojo extractor found 0 mojo descriptor.
[[1;34mINFO[m] java-annotations mojo extractor found 2 mojo descriptors.
[[1;34mINFO[m] 
[[1;34mINFO[m] [1m--- [0;32mmaven-resources-plugin:3.1.0:testResources[m [1m(default-testResources)[m @ [36mdomain-models-maven-plugin[0;1m ---[m
[[1;34mINFO[m] Using 'UTF-8' encoding to copy filtered resources.
[[1;34mINFO[m] Copying 22 resources
[[1;34mINFO[m] 
[[1;34mINFO[m] [1m--- [0;32mmaven-compiler-plugin:3.8.1:testCompile[m [1m(default-testCompile)[m @ [36mdomain-models-maven-plugin[0;1m ---[m
[[1;34mINFO[m] Changes detected - recompiling the module!
[[1;34mINFO[m] Compiling 11 source files to /home/julian/git/raml-module-builder/domain-models-maven-plugin/target/test-classes
[[1;34mINFO[m] /home/julian/git/raml-module-builder/domain-models-maven-plugin/src/test/java/org/folio/rest/tools/utils/RamlDirCopierTest.java: Some input files use or override a deprecated API.
[[1;34mINFO[m] /home/julian/git/raml-module-builder/domain-models-maven-plugin/src/test/java/org/folio/rest/tools/utils/RamlDirCopierTest.java: Recompile with -Xlint:deprecation for details.
[[1;34mINFO[m] 
[[1;34mINFO[m] [1m--- [0;32mmaven-surefire-plugin:2.22.2:test[m [1m(default-test)[m @ [36mdomain-models-maven-plugin[0;1m ---[m
[[1;34mINFO[m] 
[[1;34mINFO[m] -------------------------------------------------------
[[1;34mINFO[m]  T E S T S
[[1;34mINFO[m] -------------------------------------------------------
[[1;34mINFO[m] Running org.folio.rest.tools.[1mDomainModelsMojoTest[m
DomainModelsMojo.execute()
generateInterfaces=true
generateClients=false
baseDir = /home/julian/git/raml-module-builder/domain-models-maven-plugin
ramlDirs.size=0
schemaPaths.size=0
SLF4J: Failed to load class "org.slf4j.impl.StaticLoggerBinder".
SLF4J: Defaulting to no-operation (NOP) logger implementation
SLF4J: See http://www.slf4j.org/codes.html#StaticLoggerBinder for further details.
GenerateRunner.generate Input directory /home/julian/git/raml-module-builder/domain-models-maven-plugin/target/classes/ramls
org/folio/rest/jaxrs/model/Object.java
org/folio/rest/jaxrs/model/Test.java
DomainModelsMojo.execute()
generateInterfaces=true
generateClients=false
baseDir = src
ramlDirs.size=0
schemaPaths.size=0
DomainModelsMojo.execute()
generateInterfaces=false
generateClients=false
baseDir = 
DomainModelsMojo.execute()
generateInterfaces=false
generateClients=true
baseDir = /home/julian/git/raml-module-builder/domain-models-maven-plugin
ramlDirs.size=0
schemaPaths.size=0
ClientGenerator basedir=/home/julian/git/raml-module-builder/domain-models-maven-plugin, packageDir=/home/julian/git/raml-module-builder/domain-models-maven-plugin/target/generated-sources/raml-jaxrs/org/folio/rest/client
ClassPath file=/home/julian/git/raml-module-builder/domain-models-maven-plugin/target/test-classes
ClassPath file=/home/julian/git/raml-module-builder/domain-models-maven-plugin/target/classes
ClassPath file=/home/julian/.m2/repository/org/apache/maven/maven-plugin-api/3.6.3/maven-plugin-api-3.6.3.jar
ClassPath file=/home/julian/.m2/repository/org/eclipse/sisu/org.eclipse.sisu.plexus/0.3.4/org.eclipse.sisu.plexus-0.3.4.jar
ClassPath file=/home/julian/.m2/repository/javax/enterprise/cdi-api/1.0/cdi-api-1.0.jar
ClassPath file=/home/julian/.m2/repository/javax/annotation/jsr250-api/1.0/jsr250-api-1.0.jar
ClassPath file=/home/julian/.m2/repository/org/codehaus/plexus/plexus-utils/3.2.1/plexus-utils-3.2.1.jar
ClassPath file=/home/julian/.m2/repository/org/codehaus/plexus/plexus-classworlds/2.6.0/plexus-classworlds-2.6.0.jar
ClassPath file=/home/julian/.m2/repository/org/apache/maven/maven-core/3.6.3/maven-core-3.6.3.jar
ClassPath file=/home/julian/.m2/repository/org/apache/maven/maven-settings/3.6.3/maven-settings-3.6.3.jar
ClassPath file=/home/julian/.m2/repository/org/apache/maven/maven-settings-builder/3.6.3/maven-settings-builder-3.6.3.jar
ClassPath file=/home/julian/.m2/repository/org/codehaus/plexus/plexus-interpolation/1.25/plexus-interpolation-1.25.jar
ClassPath file=/home/julian/.m2/repository/org/sonatype/plexus/plexus-sec-dispatcher/1.4/plexus-sec-dispatcher-1.4.jar
ClassPath file=/home/julian/.m2/repository/org/sonatype/plexus/plexus-cipher/1.4/plexus-cipher-1.4.jar
ClassPath file=/home/julian/.m2/repository/org/apache/maven/maven-builder-support/3.6.3/maven-builder-support-3.6.3.jar
ClassPath file=/home/julian/.m2/repository/org/apache/maven/maven-repository-metadata/3.6.3/maven-repository-metadata-3.6.3.jar
ClassPath file=/home/julian/.m2/repository/org/apache/maven/maven-model-builder/3.6.3/maven-model-builder-3.6.3.jar
ClassPath file=/home/julian/.m2/repository/org/apache/maven/maven-resolver-provider/3.6.3/maven-resolver-provider-3.6.3.jar
ClassPath file=/home/julian/.m2/repository/org/slf4j/slf4j-api/1.7.29/slf4j-api-1.7.29.jar
ClassPath file=/home/julian/.m2/repository/org/apache/maven/resolver/maven-resolver-impl/1.4.1/maven-resolver-impl-1.4.1.jar
ClassPath file=/home/julian/.m2/repository/org/apache/maven/resolver/maven-resolver-api/1.4.1/maven-resolver-api-1.4.1.jar
ClassPath file=/home/julian/.m2/repository/org/apache/maven/resolver/maven-resolver-spi/1.4.1/maven-resolver-spi-1.4.1.jar
ClassPath file=/home/julian/.m2/repository/org/apache/maven/resolver/maven-resolver-util/1.4.1/maven-resolver-util-1.4.1.jar
ClassPath file=/home/julian/.m2/repository/org/apache/maven/shared/maven-shared-utils/3.2.1/maven-shared-utils-3.2.1.jar
ClassPath file=/home/julian/.m2/repository/commons-io/commons-io/2.5/commons-io-2.5.jar
ClassPath file=/home/julian/.m2/repository/org/eclipse/sisu/org.eclipse.sisu.inject/0.3.4/org.eclipse.sisu.inject-0.3.4.jar
ClassPath file=/home/julian/.m2/repository/com/google/inject/guice/4.2.1/guice-4.2.1-no_aop.jar
ClassPath file=/home/julian/.m2/repository/aopalliance/aopalliance/1.0/aopalliance-1.0.jar
ClassPath file=/home/julian/.m2/repository/javax/inject/javax.inject/1/javax.inject-1.jar
ClassPath file=/home/julian/.m2/repository/org/codehaus/plexus/plexus-component-annotations/2.1.0/plexus-component-annotations-2.1.0.jar
ClassPath file=/home/julian/.m2/repository/org/apache/commons/commons-lang3/3.8.1/commons-lang3-3.8.1.jar
ClassPath file=/home/julian/.m2/repository/org/apache/maven/maven-artifact/3.6.3/maven-artifact-3.6.3.jar
ClassPath file=/home/julian/.m2/repository/org/apache/maven/plugin-tools/maven-plugin-annotations/3.6.0/maven-plugin-annotations-3.6.0.jar
ClassPath file=/home/julian/.m2/repository/io/vertx/vertx-core/3.9.4/vertx-core-3.9.4.jar
ClassPath file=/home/julian/.m2/repository/io/netty/netty-common/4.1.49.Final/netty-common-4.1.49.Final.jar
ClassPath file=/home/julian/.m2/repository/io/netty/netty-buffer/4.1.49.Final/netty-buffer-4.1.49.Final.jar
ClassPath file=/home/julian/.m2/repository/io/netty/netty-transport/4.1.49.Final/netty-transport-4.1.49.Final.jar
ClassPath file=/home/julian/.m2/repository/io/netty/netty-handler/4.1.49.Final/netty-handler-4.1.49.Final.jar
ClassPath file=/home/julian/.m2/repository/io/netty/netty-codec/4.1.49.Final/netty-codec-4.1.49.Final.jar
ClassPath file=/home/julian/.m2/repository/io/netty/netty-handler-proxy/4.1.49.Final/netty-handler-proxy-4.1.49.Final.jar
ClassPath file=/home/julian/.m2/repository/io/netty/netty-codec-socks/4.1.49.Final/netty-codec-socks-4.1.49.Final.jar
ClassPath file=/home/julian/.m2/repository/io/netty/netty-codec-http/4.1.49.Final/netty-codec-http-4.1.49.Final.jar
ClassPath file=/home/julian/.m2/repository/io/netty/netty-codec-http2/4.1.49.Final/netty-codec-http2-4.1.49.Final.jar
ClassPath file=/home/julian/.m2/repository/io/netty/netty-resolver/4.1.49.Final/netty-resolver-4.1.49.Final.jar
ClassPath file=/home/julian/.m2/repository/io/netty/netty-resolver-dns/4.1.49.Final/netty-resolver-dns-4.1.49.Final.jar
ClassPath file=/home/julian/.m2/repository/io/netty/netty-codec-dns/4.1.49.Final/netty-codec-dns-4.1.49.Final.jar
ClassPath file=/home/julian/.m2/repository/com/fasterxml/jackson/core/jackson-core/2.11.3/jackson-core-2.11.3.jar
ClassPath file=/home/julian/.m2/repository/com/fasterxml/jackson/core/jackson-databind/2.11.3/jackson-databind-2.11.3.jar
ClassPath file=/home/julian/.m2/repository/com/fasterxml/jackson/core/jackson-annotations/2.11.3/jackson-annotations-2.11.3.jar
ClassPath file=/home/julian/.m2/repository/org/raml/jaxrs/jaxrs-code-generator/3.0.7/jaxrs-code-generator-3.0.7.jar
ClassPath file=/home/julian/.m2/repository/org/raml/raml-parser-2/1.0.28/raml-parser-2-1.0.28.jar
ClassPath file=/home/julian/.m2/repository/org/raml/yagi/1.0.28/yagi-1.0.28.jar
ClassPath file=/home/julian/.m2/repository/org/yaml/snakeyaml/1.15/snakeyaml-1.15.jar
ClassPath file=/home/julian/.m2/repository/com/fasterxml/jackson/module/jackson-module-jsonSchema/2.9.7/jackson-module-jsonSchema-2.9.7.jar
ClassPath file=/home/julian/.m2/repository/com/github/java-json-tools/json-schema-validator/2.2.8/json-schema-validator-2.2.8.jar
ClassPath file=/home/julian/.m2/repository/com/github/java-json-tools/json-schema-core/1.2.8/json-schema-core-1.2.8.jar
ClassPath file=/home/julian/.m2/repository/org/mozilla/rhino/1.7R4/rhino-1.7R4.jar
ClassPath file=/home/julian/.m2/repository/com/github/fge/jackson-coreutils/1.8/jackson-coreutils-1.8.jar
ClassPath file=/home/julian/.m2/repository/com/github/fge/msg-simple/1.1/msg-simple-1.1.jar
ClassPath file=/home/julian/.m2/repository/com/github/fge/btf/1.2/btf-1.2.jar
ClassPath file=/home/julian/.m2/repository/com/github/fge/uri-template/0.9/uri-template-0.9.jar
ClassPath file=/home/julian/.m2/repository/javax/mail/mailapi/1.4.3/mailapi-1.4.3.jar
ClassPath file=/home/julian/.m2/repository/com/googlecode/libphonenumber/libphonenumber/8.0.0/libphonenumber-8.0.0.jar
ClassPath file=/home/julian/.m2/repository/net/sf/jopt-simple/jopt-simple/5.0.3/jopt-simple-5.0.3.jar
ClassPath file=/home/julian/.m2/repository/com/googlecode/juniversalchardet/juniversalchardet/1.0.3/juniversalchardet-1.0.3.jar
ClassPath file=/home/julian/.m2/repository/org/apache/ws/xmlschema/xmlschema-core/2.2.1/xmlschema-core-2.2.1.jar
ClassPath file=/home/julian/.m2/repository/javax/json/javax.json-api/1.0/javax.json-api-1.0.jar
ClassPath file=/home/julian/.m2/repository/org/glassfish/javax.json/1.0.4/javax.json-1.0.4.jar
ClassPath file=/home/julian/.m2/repository/org/raml/raml-to-pojo/1.0.6/raml-to-pojo-1.0.6.jar
ClassPath file=/home/julian/.m2/repository/org/raml/test-utils/1.0.6/test-utils-1.0.6.jar
ClassPath file=/home/julian/.m2/repository/org/mockito/mockito-core/3.4.6/mockito-core-3.4.6.jar
ClassPath file=/home/julian/.m2/repository/net/bytebuddy/byte-buddy/1.10.13/byte-buddy-1.10.13.jar
ClassPath file=/home/julian/.m2/repository/net/bytebuddy/byte-buddy-agent/1.10.13/byte-buddy-agent-1.10.13.jar
ClassPath file=/home/julian/.m2/repository/org/objenesis/objenesis/2.6/objenesis-2.6.jar
ClassPath file=/home/julian/.m2/repository/com/google/code/gson/gson/2.5/gson-2.5.jar
ClassPath file=/home/julian/.m2/repository/org/codehaus/jackson/jackson-mapper-asl/1.9.1/jackson-mapper-asl-1.9.1.jar
ClassPath file=/home/julian/.m2/repository/org/codehaus/jackson/jackson-core-asl/1.9.1/jackson-core-asl-1.9.1.jar
ClassPath file=/home/julian/.m2/repository/javax/annotation/javax.annotation-api/1.3.2/javax.annotation-api-1.3.2.jar
ClassPath file=/home/julian/.m2/repository/com/squareup/javapoet/1.11.1/javapoet-1.11.1.jar
ClassPath file=/home/julian/.m2/repository/commons-cli/commons-cli/1.3.1/commons-cli-1.3.1.jar
ClassPath file=/home/julian/.m2/repository/javax/ws/rs/javax.ws.rs-api/2.0.1/javax.ws.rs-api-2.0.1.jar
ClassPath file=/home/julian/.m2/repository/com/google/guava/guava/19.0/guava-19.0.jar
ClassPath file=/home/julian/.m2/repository/org/jsonschema2pojo/jsonschema2pojo-core/0.5.1/jsonschema2pojo-core-0.5.1.jar
ClassPath file=/home/julian/.m2/repository/org/jsonschema2pojo/jsonschema2pojo-scalagen/0.5.1/jsonschema2pojo-scalagen-0.5.1.jar
ClassPath file=/home/julian/.m2/repository/net/sourceforge/collections/collections-generic/4.01/collections-generic-4.01.jar
ClassPath file=/home/julian/.m2/repository/com/fasterxml/jackson/dataformat/jackson-dataformat-yaml/2.11.3/jackson-dataformat-yaml-2.11.3.jar
ClassPath file=/home/julian/.m2/repository/org/scala-lang/scala-library/2.11.6/scala-library-2.11.6.jar
ClassPath file=/home/julian/.m2/repository/com/google/code/javaparser/javaparser/1.0.10/javaparser-1.0.10.jar
ClassPath file=/home/julian/.m2/repository/com/sun/codemodel/codemodel/2.6/codemodel-2.6.jar
ClassPath file=/home/julian/.m2/repository/com/google/code/findbugs/jsr305/3.0.1/jsr305-3.0.1.jar
ClassPath file=/home/julian/.m2/repository/com/squareup/moshi/moshi/1.5.0/moshi-1.5.0.jar
ClassPath file=/home/julian/.m2/repository/com/squareup/okio/okio/1.13.0/okio-1.13.0.jar
ClassPath file=/home/julian/.m2/repository/commons-lang/commons-lang/2.6/commons-lang-2.6.jar
ClassPath file=/home/julian/.m2/repository/joda-time/joda-time/2.2/joda-time-2.2.jar
ClassPath file=/home/julian/.m2/repository/com/google/code/findbugs/annotations/1.3.9/annotations-1.3.9.jar
ClassPath file=/home/julian/.m2/repository/com/sun/xml/bind/jaxb-xjc/2.1.6/jaxb-xjc-2.1.6.jar
ClassPath file=/home/julian/.m2/repository/com/sun/xml/bind/jaxb-xjc/2.1.6/jaxb-api.jar
ClassPath file=/home/julian/.m2/repository/com/sun/xml/bind/jaxb-xjc/2.1.6/jaxb-impl.jar
ClassPath file=/home/julian/.m2/repository/com/sun/xml/bind/jaxb-xjc/2.1.6/jsr173_1.0_api.jar
ClassPath file=/home/julian/.m2/repository/com/sun/xml/bind/jaxb-xjc/2.1.6/activation.jar
ClassPath file=/home/julian/.m2/repository/com/sun/xml/bind/jaxb-impl/2.1.6/jaxb-impl-2.1.6.jar
ClassPath file=/home/julian/.m2/repository/com/sun/xml/bind/jaxb-impl/2.1.6/jaxb-api.jar
ClassPath file=/home/julian/.m2/repository/com/sun/xml/bind/jaxb-impl/2.1.6/activation.jar
ClassPath file=/home/julian/.m2/repository/com/sun/xml/bind/jaxb-impl/2.1.6/jsr173_1.0_api.jar
ClassPath file=/home/julian/.m2/repository/com/sun/xml/bind/jaxb-impl/2.1.6/jaxb1-impl.jar
ClassPath file=/home/julian/.m2/repository/javax/validation/validation-api/2.0.1.Final/validation-api-2.0.1.Final.jar
ClassPath file=/home/julian/.m2/repository/org/hamcrest/hamcrest-all/1.3/hamcrest-all-1.3.jar
ClassPath file=/home/julian/.m2/repository/javax/xml/bind/jaxb-api/2.1/jaxb-api-2.1.jar
ClassPath file=/home/julian/.m2/repository/javax/xml/stream/stax-api/1.0-2/stax-api-1.0-2.jar
ClassPath file=/home/julian/.m2/repository/javax/activation/activation/1.1/activation-1.1.jar
ClassPath file=/home/julian/.m2/repository/org/apache/commons/commons-collections4/4.1/commons-collections4-4.1.jar
ClassPath file=/home/julian/.m2/repository/org/folio/domain-models-api-aspects/31.2.0-SNAPSHOT/domain-models-api-aspects-31.2.0-SNAPSHOT.jar
ClassPath file=/home/julian/.m2/repository/org/hibernate/validator/hibernate-validator/6.1.5.Final/hibernate-validator-6.1.5.Final.jar
ClassPath file=/home/julian/.m2/repository/jakarta/validation/jakarta.validation-api/2.0.2/jakarta.validation-api-2.0.2.jar
ClassPath file=/home/julian/.m2/repository/org/jboss/logging/jboss-logging/3.3.2.Final/jboss-logging-3.3.2.Final.jar
ClassPath file=/home/julian/.m2/repository/com/fasterxml/classmate/1.3.4/classmate-1.3.4.jar
ClassPath file=/home/julian/.m2/repository/javax/el/javax.el-api/3.0.1-b06/javax.el-api-3.0.1-b06.jar
ClassPath file=/home/julian/.m2/repository/org/glassfish/javax.el/3.0.1-b11/javax.el-3.0.1-b11.jar
ClassPath file=/home/julian/.m2/repository/org/aspectj/aspectjrt/1.9.6/aspectjrt-1.9.6.jar
ClassPath file=/home/julian/.m2/repository/org/javassist/javassist/3.27.0-GA/javassist-3.27.0-GA.jar
ClassPath file=/home/julian/.m2/repository/org/folio/util/31.2.0-SNAPSHOT/util-31.2.0-SNAPSHOT.jar
ClassPath file=/home/julian/.m2/repository/io/vertx/vertx-web/3.9.4/vertx-web-3.9.4.jar
ClassPath file=/home/julian/.m2/repository/io/vertx/vertx-web-common/3.9.4/vertx-web-common-3.9.4.jar
ClassPath file=/home/julian/.m2/repository/io/vertx/vertx-auth-common/3.9.4/vertx-auth-common-3.9.4.jar
ClassPath file=/home/julian/.m2/repository/io/vertx/vertx-bridge-common/3.9.4/vertx-bridge-common-3.9.4.jar
ClassPath file=/home/julian/.m2/repository/org/apache/maven/maven-model/3.3.9/maven-model-3.3.9.jar
ClassPath file=/home/julian/.m2/repository/xpp3/xpp3/1.1.4c/xpp3-1.1.4c.jar
ClassPath file=/home/julian/.m2/repository/org/hamcrest/hamcrest/2.2/hamcrest-2.2.jar
ClassPath file=/home/julian/.m2/repository/org/hamcrest/hamcrest-library/2.2/hamcrest-library-2.2.jar
ClassPath file=/home/julian/.m2/repository/org/hamcrest/hamcrest-core/2.2/hamcrest-core-2.2.jar
ClassPath file=/home/julian/.m2/repository/org/assertj/assertj-core/3.16.1/assertj-core-3.16.1.jar
ClassPath file=/home/julian/.m2/repository/junit/junit/4.13.1/junit-4.13.1.jar
ClassPath file=/home/julian/.m2/repository/org/junit/jupiter/junit-jupiter/5.7.0/junit-jupiter-5.7.0.jar
ClassPath file=/home/julian/.m2/repository/org/junit/jupiter/junit-jupiter-api/5.7.0/junit-jupiter-api-5.7.0.jar
ClassPath file=/home/julian/.m2/repository/org/opentest4j/opentest4j/1.2.0/opentest4j-1.2.0.jar
ClassPath file=/home/julian/.m2/repository/org/junit/platform/junit-platform-commons/1.7.0/junit-platform-commons-1.7.0.jar
ClassPath file=/home/julian/.m2/repository/org/junit/jupiter/junit-jupiter-params/5.7.0/junit-jupiter-params-5.7.0.jar
ClassPath file=/home/julian/.m2/repository/org/junit/jupiter/junit-jupiter-engine/5.7.0/junit-jupiter-engine-5.7.0.jar
ClassPath file=/home/julian/.m2/repository/org/junit/vintage/junit-vintage-engine/5.7.0/junit-vintage-engine-5.7.0.jar
ClassPath file=/home/julian/.m2/repository/org/apiguardian/apiguardian-api/1.1.0/apiguardian-api-1.1.0.jar
ClassPath file=/home/julian/.m2/repository/org/junit/platform/junit-platform-engine/1.7.0/junit-platform-engine-1.7.0.jar
ClassPath file=/home/julian/.m2/repository/com/github/javaparser/javaparser-core/3.16.1/javaparser-core-3.16.1.jar
org/folio/rest/client/TestResourceClient.java
[[1;34mINFO[m] [1;32mTests run: [0;1;32m4[m, Failures: 0, Errors: 0, Skipped: 0, Time elapsed: 1.269 s - in org.folio.rest.tools.[1mDomainModelsMojoTest[m
[[1;34mINFO[m] Running org.folio.rest.tools.utils.[1mSchemaDereferencerTest[m
[[1;33mWARNING[m] [1;33mTests [0;1mrun: [0;1m9[m, Failures: 0, Errors: 0, [1;33mSkipped: [0;1;33m1[m, Time elapsed: 0.074 s - in org.folio.rest.tools.utils.[1mSchemaDereferencerTest[m
[[1;34mINFO[m] Running org.folio.rest.tools.[1mPomReaderTest[m
Nov 30, 2020 4:09:19 PM org.folio.rest.tools.PomReader
SEVERE: does_not_exist.xml (No such file or directory)
java.io.FileNotFoundException: does_not_exist.xml (No such file or directory)
	at java.base/java.io.FileInputStream.open0(Native Method)
	at java.base/java.io.FileInputStream.open(FileInputStream.java:219)
	at java.base/java.io.FileInputStream.<init>(FileInputStream.java:157)
	at java.base/java.io.FileReader.<init>(FileReader.java:75)
	at org.folio.rest.tools.PomReader.readIt(PomReader.java:73)
	at org.folio.rest.tools.PomReader.init(PomReader.java:51)
	at org.folio.rest.tools.PomReaderTest.lambda$BadFilename$2(PomReaderTest.java:72)
	at org.junit.jupiter.api.AssertThrows.assertThrows(AssertThrows.java:55)
	at org.junit.jupiter.api.AssertThrows.assertThrows(AssertThrows.java:37)
	at org.junit.jupiter.api.Assertions.assertThrows(Assertions.java:3007)
	at org.folio.rest.tools.PomReaderTest.BadFilename(PomReaderTest.java:72)
	at java.base/jdk.internal.reflect.NativeMethodAccessorImpl.invoke0(Native Method)
	at java.base/jdk.internal.reflect.NativeMethodAccessorImpl.invoke(NativeMethodAccessorImpl.java:62)
	at java.base/jdk.internal.reflect.DelegatingMethodAccessorImpl.invoke(DelegatingMethodAccessorImpl.java:43)
	at java.base/java.lang.reflect.Method.invoke(Method.java:566)
	at org.junit.platform.commons.util.ReflectionUtils.invokeMethod(ReflectionUtils.java:688)
	at org.junit.jupiter.engine.execution.MethodInvocation.proceed(MethodInvocation.java:60)
	at org.junit.jupiter.engine.execution.InvocationInterceptorChain$ValidatingInvocation.proceed(InvocationInterceptorChain.java:131)
	at org.junit.jupiter.engine.extension.TimeoutExtension.intercept(TimeoutExtension.java:149)
	at org.junit.jupiter.engine.extension.TimeoutExtension.interceptTestableMethod(TimeoutExtension.java:140)
	at org.junit.jupiter.engine.extension.TimeoutExtension.interceptTestMethod(TimeoutExtension.java:84)
	at org.junit.jupiter.engine.execution.ExecutableInvoker$ReflectiveInterceptorCall.lambda$ofVoidMethod$0(ExecutableInvoker.java:115)
	at org.junit.jupiter.engine.execution.ExecutableInvoker.lambda$invoke$0(ExecutableInvoker.java:105)
	at org.junit.jupiter.engine.execution.InvocationInterceptorChain$InterceptedInvocation.proceed(InvocationInterceptorChain.java:106)
	at org.junit.jupiter.engine.execution.InvocationInterceptorChain.proceed(InvocationInterceptorChain.java:64)
	at org.junit.jupiter.engine.execution.InvocationInterceptorChain.chainAndInvoke(InvocationInterceptorChain.java:45)
	at org.junit.jupiter.engine.execution.InvocationInterceptorChain.invoke(InvocationInterceptorChain.java:37)
	at org.junit.jupiter.engine.execution.ExecutableInvoker.invoke(ExecutableInvoker.java:104)
	at org.junit.jupiter.engine.execution.ExecutableInvoker.invoke(ExecutableInvoker.java:98)
	at org.junit.jupiter.engine.descriptor.TestMethodTestDescriptor.lambda$invokeTestMethod$6(TestMethodTestDescriptor.java:210)
	at org.junit.platform.engine.support.hierarchical.ThrowableCollector.execute(ThrowableCollector.java:73)
	at org.junit.jupiter.engine.descriptor.TestMethodTestDescriptor.invokeTestMethod(TestMethodTestDescriptor.java:206)
	at org.junit.jupiter.engine.descriptor.TestMethodTestDescriptor.execute(TestMethodTestDescriptor.java:131)
	at org.junit.jupiter.engine.descriptor.TestMethodTestDescriptor.execute(TestMethodTestDescriptor.java:65)
	at org.junit.platform.engine.support.hierarchical.NodeTestTask.lambda$executeRecursively$5(NodeTestTask.java:139)
	at org.junit.platform.engine.support.hierarchical.ThrowableCollector.execute(ThrowableCollector.java:73)
	at org.junit.platform.engine.support.hierarchical.NodeTestTask.lambda$executeRecursively$7(NodeTestTask.java:129)
	at org.junit.platform.engine.support.hierarchical.Node.around(Node.java:137)
	at org.junit.platform.engine.support.hierarchical.NodeTestTask.lambda$executeRecursively$8(NodeTestTask.java:127)
	at org.junit.platform.engine.support.hierarchical.ThrowableCollector.execute(ThrowableCollector.java:73)
	at org.junit.platform.engine.support.hierarchical.NodeTestTask.executeRecursively(NodeTestTask.java:126)
	at org.junit.platform.engine.support.hierarchical.NodeTestTask.execute(NodeTestTask.java:84)
	at java.base/java.util.ArrayList.forEach(ArrayList.java:1541)
	at org.junit.platform.engine.support.hierarchical.SameThreadHierarchicalTestExecutorService.invokeAll(SameThreadHierarchicalTestExecutorService.java:38)
	at org.junit.platform.engine.support.hierarchical.NodeTestTask.lambda$executeRecursively$5(NodeTestTask.java:143)
	at org.junit.platform.engine.support.hierarchical.ThrowableCollector.execute(ThrowableCollector.java:73)
	at org.junit.platform.engine.support.hierarchical.NodeTestTask.lambda$executeRecursively$7(NodeTestTask.java:129)
	at org.junit.platform.engine.support.hierarchical.Node.around(Node.java:137)
	at org.junit.platform.engine.support.hierarchical.NodeTestTask.lambda$executeRecursively$8(NodeTestTask.java:127)
	at org.junit.platform.engine.support.hierarchical.ThrowableCollector.execute(ThrowableCollector.java:73)
	at org.junit.platform.engine.support.hierarchical.NodeTestTask.executeRecursively(NodeTestTask.java:126)
	at org.junit.platform.engine.support.hierarchical.NodeTestTask.execute(NodeTestTask.java:84)
	at java.base/java.util.ArrayList.forEach(ArrayList.java:1541)
	at org.junit.platform.engine.support.hierarchical.SameThreadHierarchicalTestExecutorService.invokeAll(SameThreadHierarchicalTestExecutorService.java:38)
	at org.junit.platform.engine.support.hierarchical.NodeTestTask.lambda$executeRecursively$5(NodeTestTask.java:143)
	at org.junit.platform.engine.support.hierarchical.ThrowableCollector.execute(ThrowableCollector.java:73)
	at org.junit.platform.engine.support.hierarchical.NodeTestTask.lambda$executeRecursively$7(NodeTestTask.java:129)
	at org.junit.platform.engine.support.hierarchical.Node.around(Node.java:137)
	at org.junit.platform.engine.support.hierarchical.NodeTestTask.lambda$executeRecursively$8(NodeTestTask.java:127)
	at org.junit.platform.engine.support.hierarchical.ThrowableCollector.execute(ThrowableCollector.java:73)
	at org.junit.platform.engine.support.hierarchical.NodeTestTask.executeRecursively(NodeTestTask.java:126)
	at org.junit.platform.engine.support.hierarchical.NodeTestTask.execute(NodeTestTask.java:84)
	at org.junit.platform.engine.support.hierarchical.SameThreadHierarchicalTestExecutorService.submit(SameThreadHierarchicalTestExecutorService.java:32)
	at org.junit.platform.engine.support.hierarchical.HierarchicalTestExecutor.execute(HierarchicalTestExecutor.java:57)
	at org.junit.platform.engine.support.hierarchical.HierarchicalTestEngine.execute(HierarchicalTestEngine.java:51)
	at org.junit.platform.launcher.core.DefaultLauncher.execute(DefaultLauncher.java:220)
	at org.junit.platform.launcher.core.DefaultLauncher.lambda$execute$6(DefaultLauncher.java:188)
	at org.junit.platform.launcher.core.DefaultLauncher.withInterceptedStreams(DefaultLauncher.java:202)
	at org.junit.platform.launcher.core.DefaultLauncher.execute(DefaultLauncher.java:181)
	at org.junit.platform.launcher.core.DefaultLauncher.execute(DefaultLauncher.java:128)
	at org.apache.maven.surefire.junitplatform.JUnitPlatformProvider.invokeAllTests(JUnitPlatformProvider.java:150)
	at org.apache.maven.surefire.junitplatform.JUnitPlatformProvider.invoke(JUnitPlatformProvider.java:124)
	at org.apache.maven.surefire.booter.ForkedBooter.invokeProviderInSameClassLoader(ForkedBooter.java:384)
	at org.apache.maven.surefire.booter.ForkedBooter.runSuitesInProcess(ForkedBooter.java:345)
	at org.apache.maven.surefire.booter.ForkedBooter.execute(ForkedBooter.java:126)
	at org.apache.maven.surefire.booter.ForkedBooter.main(ForkedBooter.java:418)

[[1;34mINFO[m] [1;32mTests run: [0;1;32m9[m, Failures: 0, Errors: 0, Skipped: 0, Time elapsed: 0.053 s - in org.folio.rest.tools.[1mPomReaderTest[m
[[1;34mINFO[m] Running org.folio.rest.tools.[1mClientHelpersTest[m
Nov 30, 2020 4:09:19 PM org.folio.rest.tools.ClientHelpers pojo2json
SEVERE: No serializer found for class org.folio.rest.tools.ClientHelpersTest$1 and no properties discovered to create BeanSerializer (to avoid exception, disable SerializationFeature.FAIL_ON_EMPTY_BEANS)
com.fasterxml.jackson.databind.exc.InvalidDefinitionException: No serializer found for class org.folio.rest.tools.ClientHelpersTest$1 and no properties discovered to create BeanSerializer (to avoid exception, disable SerializationFeature.FAIL_ON_EMPTY_BEANS)
	at com.fasterxml.jackson.databind.exc.InvalidDefinitionException.from(InvalidDefinitionException.java:77)
	at com.fasterxml.jackson.databind.SerializerProvider.reportBadDefinition(SerializerProvider.java:1277)
	at com.fasterxml.jackson.databind.DatabindContext.reportBadDefinition(DatabindContext.java:400)
	at com.fasterxml.jackson.databind.ser.impl.UnknownSerializer.failForEmpty(UnknownSerializer.java:71)
	at com.fasterxml.jackson.databind.ser.impl.UnknownSerializer.serialize(UnknownSerializer.java:33)
	at com.fasterxml.jackson.databind.ser.DefaultSerializerProvider._serialize(DefaultSerializerProvider.java:480)
	at com.fasterxml.jackson.databind.ser.DefaultSerializerProvider.serializeValue(DefaultSerializerProvider.java:319)
	at com.fasterxml.jackson.databind.ObjectMapper._writeValueAndClose(ObjectMapper.java:4409)
	at com.fasterxml.jackson.databind.ObjectMapper.writeValueAsString(ObjectMapper.java:3663)
	at org.folio.rest.tools.ClientHelpers.pojo2json(ClientHelpers.java:24)
	at org.folio.rest.tools.ClientHelpersTest.lambda$jsonProcessingException$1(ClientHelpersTest.java:19)
	at org.assertj.core.api.ThrowableAssert.catchThrowable(ThrowableAssert.java:62)
	at org.assertj.core.api.AssertionsForClassTypes.catchThrowable(AssertionsForClassTypes.java:750)
	at org.assertj.core.api.Assertions.catchThrowable(Assertions.java:1191)
	at org.assertj.core.api.Assertions.assertThatThrownBy(Assertions.java:1063)
	at org.assertj.core.api.WithAssertions.assertThatThrownBy(WithAssertions.java:2280)
	at org.folio.rest.tools.ClientHelpersTest.jsonProcessingException(ClientHelpersTest.java:19)
	at java.base/jdk.internal.reflect.NativeMethodAccessorImpl.invoke0(Native Method)
	at java.base/jdk.internal.reflect.NativeMethodAccessorImpl.invoke(NativeMethodAccessorImpl.java:62)
	at java.base/jdk.internal.reflect.DelegatingMethodAccessorImpl.invoke(DelegatingMethodAccessorImpl.java:43)
	at java.base/java.lang.reflect.Method.invoke(Method.java:566)
	at org.junit.platform.commons.util.ReflectionUtils.invokeMethod(ReflectionUtils.java:688)
	at org.junit.jupiter.engine.execution.MethodInvocation.proceed(MethodInvocation.java:60)
	at org.junit.jupiter.engine.execution.InvocationInterceptorChain$ValidatingInvocation.proceed(InvocationInterceptorChain.java:131)
	at org.junit.jupiter.engine.extension.TimeoutExtension.intercept(TimeoutExtension.java:149)
	at org.junit.jupiter.engine.extension.TimeoutExtension.interceptTestableMethod(TimeoutExtension.java:140)
	at org.junit.jupiter.engine.extension.TimeoutExtension.interceptTestMethod(TimeoutExtension.java:84)
	at org.junit.jupiter.engine.execution.ExecutableInvoker$ReflectiveInterceptorCall.lambda$ofVoidMethod$0(ExecutableInvoker.java:115)
	at org.junit.jupiter.engine.execution.ExecutableInvoker.lambda$invoke$0(ExecutableInvoker.java:105)
	at org.junit.jupiter.engine.execution.InvocationInterceptorChain$InterceptedInvocation.proceed(InvocationInterceptorChain.java:106)
	at org.junit.jupiter.engine.execution.InvocationInterceptorChain.proceed(InvocationInterceptorChain.java:64)
	at org.junit.jupiter.engine.execution.InvocationInterceptorChain.chainAndInvoke(InvocationInterceptorChain.java:45)
	at org.junit.jupiter.engine.execution.InvocationInterceptorChain.invoke(InvocationInterceptorChain.java:37)
	at org.junit.jupiter.engine.execution.ExecutableInvoker.invoke(ExecutableInvoker.java:104)
	at org.junit.jupiter.engine.execution.ExecutableInvoker.invoke(ExecutableInvoker.java:98)
	at org.junit.jupiter.engine.descriptor.TestMethodTestDescriptor.lambda$invokeTestMethod$6(TestMethodTestDescriptor.java:210)
	at org.junit.platform.engine.support.hierarchical.ThrowableCollector.execute(ThrowableCollector.java:73)
	at org.junit.jupiter.engine.descriptor.TestMethodTestDescriptor.invokeTestMethod(TestMethodTestDescriptor.java:206)
	at org.junit.jupiter.engine.descriptor.TestMethodTestDescriptor.execute(TestMethodTestDescriptor.java:131)
	at org.junit.jupiter.engine.descriptor.TestMethodTestDescriptor.execute(TestMethodTestDescriptor.java:65)
	at org.junit.platform.engine.support.hierarchical.NodeTestTask.lambda$executeRecursively$5(NodeTestTask.java:139)
	at org.junit.platform.engine.support.hierarchical.ThrowableCollector.execute(ThrowableCollector.java:73)
	at org.junit.platform.engine.support.hierarchical.NodeTestTask.lambda$executeRecursively$7(NodeTestTask.java:129)
	at org.junit.platform.engine.support.hierarchical.Node.around(Node.java:137)
	at org.junit.platform.engine.support.hierarchical.NodeTestTask.lambda$executeRecursively$8(NodeTestTask.java:127)
	at org.junit.platform.engine.support.hierarchical.ThrowableCollector.execute(ThrowableCollector.java:73)
	at org.junit.platform.engine.support.hierarchical.NodeTestTask.executeRecursively(NodeTestTask.java:126)
	at org.junit.platform.engine.support.hierarchical.NodeTestTask.execute(NodeTestTask.java:84)
	at java.base/java.util.ArrayList.forEach(ArrayList.java:1541)
	at org.junit.platform.engine.support.hierarchical.SameThreadHierarchicalTestExecutorService.invokeAll(SameThreadHierarchicalTestExecutorService.java:38)
	at org.junit.platform.engine.support.hierarchical.NodeTestTask.lambda$executeRecursively$5(NodeTestTask.java:143)
	at org.junit.platform.engine.support.hierarchical.ThrowableCollector.execute(ThrowableCollector.java:73)
	at org.junit.platform.engine.support.hierarchical.NodeTestTask.lambda$executeRecursively$7(NodeTestTask.java:129)
	at org.junit.platform.engine.support.hierarchical.Node.around(Node.java:137)
	at org.junit.platform.engine.support.hierarchical.NodeTestTask.lambda$executeRecursively$8(NodeTestTask.java:127)
	at org.junit.platform.engine.support.hierarchical.ThrowableCollector.execute(ThrowableCollector.java:73)
	at org.junit.platform.engine.support.hierarchical.NodeTestTask.executeRecursively(NodeTestTask.java:126)
	at org.junit.platform.engine.support.hierarchical.NodeTestTask.execute(NodeTestTask.java:84)
	at java.base/java.util.ArrayList.forEach(ArrayList.java:1541)
	at org.junit.platform.engine.support.hierarchical.SameThreadHierarchicalTestExecutorService.invokeAll(SameThreadHierarchicalTestExecutorService.java:38)
	at org.junit.platform.engine.support.hierarchical.NodeTestTask.lambda$executeRecursively$5(NodeTestTask.java:143)
	at org.junit.platform.engine.support.hierarchical.ThrowableCollector.execute(ThrowableCollector.java:73)
	at org.junit.platform.engine.support.hierarchical.NodeTestTask.lambda$executeRecursively$7(NodeTestTask.java:129)
	at org.junit.platform.engine.support.hierarchical.Node.around(Node.java:137)
	at org.junit.platform.engine.support.hierarchical.NodeTestTask.lambda$executeRecursively$8(NodeTestTask.java:127)
	at org.junit.platform.engine.support.hierarchical.ThrowableCollector.execute(ThrowableCollector.java:73)
	at org.junit.platform.engine.support.hierarchical.NodeTestTask.executeRecursively(NodeTestTask.java:126)
	at org.junit.platform.engine.support.hierarchical.NodeTestTask.execute(NodeTestTask.java:84)
	at org.junit.platform.engine.support.hierarchical.SameThreadHierarchicalTestExecutorService.submit(SameThreadHierarchicalTestExecutorService.java:32)
	at org.junit.platform.engine.support.hierarchical.HierarchicalTestExecutor.execute(HierarchicalTestExecutor.java:57)
	at org.junit.platform.engine.support.hierarchical.HierarchicalTestEngine.execute(HierarchicalTestEngine.java:51)
	at org.junit.platform.launcher.core.DefaultLauncher.execute(DefaultLauncher.java:220)
	at org.junit.platform.launcher.core.DefaultLauncher.lambda$execute$6(DefaultLauncher.java:188)
	at org.junit.platform.launcher.core.DefaultLauncher.withInterceptedStreams(DefaultLauncher.java:202)
	at org.junit.platform.launcher.core.DefaultLauncher.execute(DefaultLauncher.java:181)
	at org.junit.platform.launcher.core.DefaultLauncher.execute(DefaultLauncher.java:128)
	at org.apache.maven.surefire.junitplatform.JUnitPlatformProvider.invokeAllTests(JUnitPlatformProvider.java:150)
	at org.apache.maven.surefire.junitplatform.JUnitPlatformProvider.invoke(JUnitPlatformProvider.java:124)
	at org.apache.maven.surefire.booter.ForkedBooter.invokeProviderInSameClassLoader(ForkedBooter.java:384)
	at org.apache.maven.surefire.booter.ForkedBooter.runSuitesInProcess(ForkedBooter.java:345)
	at org.apache.maven.surefire.booter.ForkedBooter.execute(ForkedBooter.java:126)
	at org.apache.maven.surefire.booter.ForkedBooter.main(ForkedBooter.java:418)

[[1;34mINFO[m] [1;32mTests run: [0;1;32m4[m, Failures: 0, Errors: 0, Skipped: 0, Time elapsed: 0.083 s - in org.folio.rest.tools.[1mClientHelpersTest[m
[[1;34mINFO[m] Running org.folio.rest.tools.[1mAnnotationGrabberTest[m
ClassPath file=/home/julian/git/raml-module-builder/domain-models-maven-plugin/target/test-classes
ClassPath file=/home/julian/git/raml-module-builder/domain-models-maven-plugin/target/classes
ClassPath file=/home/julian/.m2/repository/org/apache/maven/maven-plugin-api/3.6.3/maven-plugin-api-3.6.3.jar
ClassPath file=/home/julian/.m2/repository/org/eclipse/sisu/org.eclipse.sisu.plexus/0.3.4/org.eclipse.sisu.plexus-0.3.4.jar
ClassPath file=/home/julian/.m2/repository/javax/enterprise/cdi-api/1.0/cdi-api-1.0.jar
ClassPath file=/home/julian/.m2/repository/javax/annotation/jsr250-api/1.0/jsr250-api-1.0.jar
ClassPath file=/home/julian/.m2/repository/org/codehaus/plexus/plexus-utils/3.2.1/plexus-utils-3.2.1.jar
ClassPath file=/home/julian/.m2/repository/org/codehaus/plexus/plexus-classworlds/2.6.0/plexus-classworlds-2.6.0.jar
ClassPath file=/home/julian/.m2/repository/org/apache/maven/maven-core/3.6.3/maven-core-3.6.3.jar
ClassPath file=/home/julian/.m2/repository/org/apache/maven/maven-settings/3.6.3/maven-settings-3.6.3.jar
ClassPath file=/home/julian/.m2/repository/org/apache/maven/maven-settings-builder/3.6.3/maven-settings-builder-3.6.3.jar
ClassPath file=/home/julian/.m2/repository/org/codehaus/plexus/plexus-interpolation/1.25/plexus-interpolation-1.25.jar
ClassPath file=/home/julian/.m2/repository/org/sonatype/plexus/plexus-sec-dispatcher/1.4/plexus-sec-dispatcher-1.4.jar
ClassPath file=/home/julian/.m2/repository/org/sonatype/plexus/plexus-cipher/1.4/plexus-cipher-1.4.jar
ClassPath file=/home/julian/.m2/repository/org/apache/maven/maven-builder-support/3.6.3/maven-builder-support-3.6.3.jar
ClassPath file=/home/julian/.m2/repository/org/apache/maven/maven-repository-metadata/3.6.3/maven-repository-metadata-3.6.3.jar
ClassPath file=/home/julian/.m2/repository/org/apache/maven/maven-model-builder/3.6.3/maven-model-builder-3.6.3.jar
ClassPath file=/home/julian/.m2/repository/org/apache/maven/maven-resolver-provider/3.6.3/maven-resolver-provider-3.6.3.jar
ClassPath file=/home/julian/.m2/repository/org/slf4j/slf4j-api/1.7.29/slf4j-api-1.7.29.jar
ClassPath file=/home/julian/.m2/repository/org/apache/maven/resolver/maven-resolver-impl/1.4.1/maven-resolver-impl-1.4.1.jar
ClassPath file=/home/julian/.m2/repository/org/apache/maven/resolver/maven-resolver-api/1.4.1/maven-resolver-api-1.4.1.jar
ClassPath file=/home/julian/.m2/repository/org/apache/maven/resolver/maven-resolver-spi/1.4.1/maven-resolver-spi-1.4.1.jar
ClassPath file=/home/julian/.m2/repository/org/apache/maven/resolver/maven-resolver-util/1.4.1/maven-resolver-util-1.4.1.jar
ClassPath file=/home/julian/.m2/repository/org/apache/maven/shared/maven-shared-utils/3.2.1/maven-shared-utils-3.2.1.jar
ClassPath file=/home/julian/.m2/repository/commons-io/commons-io/2.5/commons-io-2.5.jar
ClassPath file=/home/julian/.m2/repository/org/eclipse/sisu/org.eclipse.sisu.inject/0.3.4/org.eclipse.sisu.inject-0.3.4.jar
ClassPath file=/home/julian/.m2/repository/com/google/inject/guice/4.2.1/guice-4.2.1-no_aop.jar
ClassPath file=/home/julian/.m2/repository/aopalliance/aopalliance/1.0/aopalliance-1.0.jar
ClassPath file=/home/julian/.m2/repository/javax/inject/javax.inject/1/javax.inject-1.jar
ClassPath file=/home/julian/.m2/repository/org/codehaus/plexus/plexus-component-annotations/2.1.0/plexus-component-annotations-2.1.0.jar
ClassPath file=/home/julian/.m2/repository/org/apache/commons/commons-lang3/3.8.1/commons-lang3-3.8.1.jar
ClassPath file=/home/julian/.m2/repository/org/apache/maven/maven-artifact/3.6.3/maven-artifact-3.6.3.jar
ClassPath file=/home/julian/.m2/repository/org/apache/maven/plugin-tools/maven-plugin-annotations/3.6.0/maven-plugin-annotations-3.6.0.jar
ClassPath file=/home/julian/.m2/repository/io/vertx/vertx-core/3.9.4/vertx-core-3.9.4.jar
ClassPath file=/home/julian/.m2/repository/io/netty/netty-common/4.1.49.Final/netty-common-4.1.49.Final.jar
ClassPath file=/home/julian/.m2/repository/io/netty/netty-buffer/4.1.49.Final/netty-buffer-4.1.49.Final.jar
ClassPath file=/home/julian/.m2/repository/io/netty/netty-transport/4.1.49.Final/netty-transport-4.1.49.Final.jar
ClassPath file=/home/julian/.m2/repository/io/netty/netty-handler/4.1.49.Final/netty-handler-4.1.49.Final.jar
ClassPath file=/home/julian/.m2/repository/io/netty/netty-codec/4.1.49.Final/netty-codec-4.1.49.Final.jar
ClassPath file=/home/julian/.m2/repository/io/netty/netty-handler-proxy/4.1.49.Final/netty-handler-proxy-4.1.49.Final.jar
ClassPath file=/home/julian/.m2/repository/io/netty/netty-codec-socks/4.1.49.Final/netty-codec-socks-4.1.49.Final.jar
ClassPath file=/home/julian/.m2/repository/io/netty/netty-codec-http/4.1.49.Final/netty-codec-http-4.1.49.Final.jar
ClassPath file=/home/julian/.m2/repository/io/netty/netty-codec-http2/4.1.49.Final/netty-codec-http2-4.1.49.Final.jar
ClassPath file=/home/julian/.m2/repository/io/netty/netty-resolver/4.1.49.Final/netty-resolver-4.1.49.Final.jar
ClassPath file=/home/julian/.m2/repository/io/netty/netty-resolver-dns/4.1.49.Final/netty-resolver-dns-4.1.49.Final.jar
ClassPath file=/home/julian/.m2/repository/io/netty/netty-codec-dns/4.1.49.Final/netty-codec-dns-4.1.49.Final.jar
ClassPath file=/home/julian/.m2/repository/com/fasterxml/jackson/core/jackson-core/2.11.3/jackson-core-2.11.3.jar
ClassPath file=/home/julian/.m2/repository/com/fasterxml/jackson/core/jackson-databind/2.11.3/jackson-databind-2.11.3.jar
ClassPath file=/home/julian/.m2/repository/com/fasterxml/jackson/core/jackson-annotations/2.11.3/jackson-annotations-2.11.3.jar
ClassPath file=/home/julian/.m2/repository/org/raml/jaxrs/jaxrs-code-generator/3.0.7/jaxrs-code-generator-3.0.7.jar
ClassPath file=/home/julian/.m2/repository/org/raml/raml-parser-2/1.0.28/raml-parser-2-1.0.28.jar
ClassPath file=/home/julian/.m2/repository/org/raml/yagi/1.0.28/yagi-1.0.28.jar
ClassPath file=/home/julian/.m2/repository/org/yaml/snakeyaml/1.15/snakeyaml-1.15.jar
ClassPath file=/home/julian/.m2/repository/com/fasterxml/jackson/module/jackson-module-jsonSchema/2.9.7/jackson-module-jsonSchema-2.9.7.jar
ClassPath file=/home/julian/.m2/repository/com/github/java-json-tools/json-schema-validator/2.2.8/json-schema-validator-2.2.8.jar
ClassPath file=/home/julian/.m2/repository/com/github/java-json-tools/json-schema-core/1.2.8/json-schema-core-1.2.8.jar
ClassPath file=/home/julian/.m2/repository/org/mozilla/rhino/1.7R4/rhino-1.7R4.jar
ClassPath file=/home/julian/.m2/repository/com/github/fge/jackson-coreutils/1.8/jackson-coreutils-1.8.jar
ClassPath file=/home/julian/.m2/repository/com/github/fge/msg-simple/1.1/msg-simple-1.1.jar
ClassPath file=/home/julian/.m2/repository/com/github/fge/btf/1.2/btf-1.2.jar
ClassPath file=/home/julian/.m2/repository/com/github/fge/uri-template/0.9/uri-template-0.9.jar
ClassPath file=/home/julian/.m2/repository/javax/mail/mailapi/1.4.3/mailapi-1.4.3.jar
ClassPath file=/home/julian/.m2/repository/com/googlecode/libphonenumber/libphonenumber/8.0.0/libphonenumber-8.0.0.jar
ClassPath file=/home/julian/.m2/repository/net/sf/jopt-simple/jopt-simple/5.0.3/jopt-simple-5.0.3.jar
ClassPath file=/home/julian/.m2/repository/com/googlecode/juniversalchardet/juniversalchardet/1.0.3/juniversalchardet-1.0.3.jar
ClassPath file=/home/julian/.m2/repository/org/apache/ws/xmlschema/xmlschema-core/2.2.1/xmlschema-core-2.2.1.jar
ClassPath file=/home/julian/.m2/repository/javax/json/javax.json-api/1.0/javax.json-api-1.0.jar
ClassPath file=/home/julian/.m2/repository/org/glassfish/javax.json/1.0.4/javax.json-1.0.4.jar
ClassPath file=/home/julian/.m2/repository/org/raml/raml-to-pojo/1.0.6/raml-to-pojo-1.0.6.jar
ClassPath file=/home/julian/.m2/repository/org/raml/test-utils/1.0.6/test-utils-1.0.6.jar
ClassPath file=/home/julian/.m2/repository/org/mockito/mockito-core/3.4.6/mockito-core-3.4.6.jar
ClassPath file=/home/julian/.m2/repository/net/bytebuddy/byte-buddy/1.10.13/byte-buddy-1.10.13.jar
ClassPath file=/home/julian/.m2/repository/net/bytebuddy/byte-buddy-agent/1.10.13/byte-buddy-agent-1.10.13.jar
ClassPath file=/home/julian/.m2/repository/org/objenesis/objenesis/2.6/objenesis-2.6.jar
ClassPath file=/home/julian/.m2/repository/com/google/code/gson/gson/2.5/gson-2.5.jar
ClassPath file=/home/julian/.m2/repository/org/codehaus/jackson/jackson-mapper-asl/1.9.1/jackson-mapper-asl-1.9.1.jar
ClassPath file=/home/julian/.m2/repository/org/codehaus/jackson/jackson-core-asl/1.9.1/jackson-core-asl-1.9.1.jar
ClassPath file=/home/julian/.m2/repository/javax/annotation/javax.annotation-api/1.3.2/javax.annotation-api-1.3.2.jar
ClassPath file=/home/julian/.m2/repository/com/squareup/javapoet/1.11.1/javapoet-1.11.1.jar
ClassPath file=/home/julian/.m2/repository/commons-cli/commons-cli/1.3.1/commons-cli-1.3.1.jar
ClassPath file=/home/julian/.m2/repository/javax/ws/rs/javax.ws.rs-api/2.0.1/javax.ws.rs-api-2.0.1.jar
ClassPath file=/home/julian/.m2/repository/com/google/guava/guava/19.0/guava-19.0.jar
ClassPath file=/home/julian/.m2/repository/org/jsonschema2pojo/jsonschema2pojo-core/0.5.1/jsonschema2pojo-core-0.5.1.jar
ClassPath file=/home/julian/.m2/repository/org/jsonschema2pojo/jsonschema2pojo-scalagen/0.5.1/jsonschema2pojo-scalagen-0.5.1.jar
ClassPath file=/home/julian/.m2/repository/net/sourceforge/collections/collections-generic/4.01/collections-generic-4.01.jar
ClassPath file=/home/julian/.m2/repository/com/fasterxml/jackson/dataformat/jackson-dataformat-yaml/2.11.3/jackson-dataformat-yaml-2.11.3.jar
ClassPath file=/home/julian/.m2/repository/org/scala-lang/scala-library/2.11.6/scala-library-2.11.6.jar
ClassPath file=/home/julian/.m2/repository/com/google/code/javaparser/javaparser/1.0.10/javaparser-1.0.10.jar
ClassPath file=/home/julian/.m2/repository/com/sun/codemodel/codemodel/2.6/codemodel-2.6.jar
ClassPath file=/home/julian/.m2/repository/com/google/code/findbugs/jsr305/3.0.1/jsr305-3.0.1.jar
ClassPath file=/home/julian/.m2/repository/com/squareup/moshi/moshi/1.5.0/moshi-1.5.0.jar
ClassPath file=/home/julian/.m2/repository/com/squareup/okio/okio/1.13.0/okio-1.13.0.jar
ClassPath file=/home/julian/.m2/repository/commons-lang/commons-lang/2.6/commons-lang-2.6.jar
ClassPath file=/home/julian/.m2/repository/joda-time/joda-time/2.2/joda-time-2.2.jar
ClassPath file=/home/julian/.m2/repository/com/google/code/findbugs/annotations/1.3.9/annotations-1.3.9.jar
ClassPath file=/home/julian/.m2/repository/com/sun/xml/bind/jaxb-xjc/2.1.6/jaxb-xjc-2.1.6.jar
ClassPath file=/home/julian/.m2/repository/com/sun/xml/bind/jaxb-xjc/2.1.6/jaxb-api.jar
ClassPath file=/home/julian/.m2/repository/com/sun/xml/bind/jaxb-xjc/2.1.6/jaxb-impl.jar
ClassPath file=/home/julian/.m2/repository/com/sun/xml/bind/jaxb-xjc/2.1.6/jsr173_1.0_api.jar
ClassPath file=/home/julian/.m2/repository/com/sun/xml/bind/jaxb-xjc/2.1.6/activation.jar
ClassPath file=/home/julian/.m2/repository/com/sun/xml/bind/jaxb-impl/2.1.6/jaxb-impl-2.1.6.jar
ClassPath file=/home/julian/.m2/repository/com/sun/xml/bind/jaxb-impl/2.1.6/jaxb-api.jar
ClassPath file=/home/julian/.m2/repository/com/sun/xml/bind/jaxb-impl/2.1.6/activation.jar
ClassPath file=/home/julian/.m2/repository/com/sun/xml/bind/jaxb-impl/2.1.6/jsr173_1.0_api.jar
ClassPath file=/home/julian/.m2/repository/com/sun/xml/bind/jaxb-impl/2.1.6/jaxb1-impl.jar
ClassPath file=/home/julian/.m2/repository/javax/validation/validation-api/2.0.1.Final/validation-api-2.0.1.Final.jar
ClassPath file=/home/julian/.m2/repository/org/hamcrest/hamcrest-all/1.3/hamcrest-all-1.3.jar
ClassPath file=/home/julian/.m2/repository/javax/xml/bind/jaxb-api/2.1/jaxb-api-2.1.jar
ClassPath file=/home/julian/.m2/repository/javax/xml/stream/stax-api/1.0-2/stax-api-1.0-2.jar
ClassPath file=/home/julian/.m2/repository/javax/activation/activation/1.1/activation-1.1.jar
ClassPath file=/home/julian/.m2/repository/org/apache/commons/commons-collections4/4.1/commons-collections4-4.1.jar
ClassPath file=/home/julian/.m2/repository/org/folio/domain-models-api-aspects/31.2.0-SNAPSHOT/domain-models-api-aspects-31.2.0-SNAPSHOT.jar
ClassPath file=/home/julian/.m2/repository/org/hibernate/validator/hibernate-validator/6.1.5.Final/hibernate-validator-6.1.5.Final.jar
ClassPath file=/home/julian/.m2/repository/jakarta/validation/jakarta.validation-api/2.0.2/jakarta.validation-api-2.0.2.jar
ClassPath file=/home/julian/.m2/repository/org/jboss/logging/jboss-logging/3.3.2.Final/jboss-logging-3.3.2.Final.jar
ClassPath file=/home/julian/.m2/repository/com/fasterxml/classmate/1.3.4/classmate-1.3.4.jar
ClassPath file=/home/julian/.m2/repository/javax/el/javax.el-api/3.0.1-b06/javax.el-api-3.0.1-b06.jar
ClassPath file=/home/julian/.m2/repository/org/glassfish/javax.el/3.0.1-b11/javax.el-3.0.1-b11.jar
ClassPath file=/home/julian/.m2/repository/org/aspectj/aspectjrt/1.9.6/aspectjrt-1.9.6.jar
ClassPath file=/home/julian/.m2/repository/org/javassist/javassist/3.27.0-GA/javassist-3.27.0-GA.jar
ClassPath file=/home/julian/.m2/repository/org/folio/util/31.2.0-SNAPSHOT/util-31.2.0-SNAPSHOT.jar
ClassPath file=/home/julian/.m2/repository/io/vertx/vertx-web/3.9.4/vertx-web-3.9.4.jar
ClassPath file=/home/julian/.m2/repository/io/vertx/vertx-web-common/3.9.4/vertx-web-common-3.9.4.jar
ClassPath file=/home/julian/.m2/repository/io/vertx/vertx-auth-common/3.9.4/vertx-auth-common-3.9.4.jar
ClassPath file=/home/julian/.m2/repository/io/vertx/vertx-bridge-common/3.9.4/vertx-bridge-common-3.9.4.jar
ClassPath file=/home/julian/.m2/repository/org/apache/maven/maven-model/3.3.9/maven-model-3.3.9.jar
ClassPath file=/home/julian/.m2/repository/xpp3/xpp3/1.1.4c/xpp3-1.1.4c.jar
ClassPath file=/home/julian/.m2/repository/org/hamcrest/hamcrest/2.2/hamcrest-2.2.jar
ClassPath file=/home/julian/.m2/repository/org/hamcrest/hamcrest-library/2.2/hamcrest-library-2.2.jar
ClassPath file=/home/julian/.m2/repository/org/hamcrest/hamcrest-core/2.2/hamcrest-core-2.2.jar
ClassPath file=/home/julian/.m2/repository/org/assertj/assertj-core/3.16.1/assertj-core-3.16.1.jar
ClassPath file=/home/julian/.m2/repository/junit/junit/4.13.1/junit-4.13.1.jar
ClassPath file=/home/julian/.m2/repository/org/junit/jupiter/junit-jupiter/5.7.0/junit-jupiter-5.7.0.jar
ClassPath file=/home/julian/.m2/repository/org/junit/jupiter/junit-jupiter-api/5.7.0/junit-jupiter-api-5.7.0.jar
ClassPath file=/home/julian/.m2/repository/org/opentest4j/opentest4j/1.2.0/opentest4j-1.2.0.jar
ClassPath file=/home/julian/.m2/repository/org/junit/platform/junit-platform-commons/1.7.0/junit-platform-commons-1.7.0.jar
ClassPath file=/home/julian/.m2/repository/org/junit/jupiter/junit-jupiter-params/5.7.0/junit-jupiter-params-5.7.0.jar
ClassPath file=/home/julian/.m2/repository/org/junit/jupiter/junit-jupiter-engine/5.7.0/junit-jupiter-engine-5.7.0.jar
ClassPath file=/home/julian/.m2/repository/org/junit/vintage/junit-vintage-engine/5.7.0/junit-vintage-engine-5.7.0.jar
ClassPath file=/home/julian/.m2/repository/org/apiguardian/apiguardian-api/1.1.0/apiguardian-api-1.1.0.jar
ClassPath file=/home/julian/.m2/repository/org/junit/platform/junit-platform-engine/1.7.0/junit-platform-engine-1.7.0.jar
ClassPath file=/home/julian/.m2/repository/com/github/javaparser/javaparser-core/3.16.1/javaparser-core-3.16.1.jar
org/folio/rest/client/TestResourceClient.java
[[1;34mINFO[m] [1;32mTests run: [0;1;32m1[m, Failures: 0, Errors: 0, Skipped: 0, Time elapsed: 0.389 s - in org.folio.rest.tools.[1mAnnotationGrabberTest[m
[[1;34mINFO[m] Running org.folio.rest.tools.[1mGenerateRunnerTest[m
GenerateRunner.generate Input directory /home/julian/git/raml-module-builder/domain-models-maven-plugin/./target/classes/ramls
org/folio/rest/jaxrs/model/Object.java
org/folio/rest/jaxrs/model/Test.java
GenerateRunner.generate Input directory /home/julian/git/raml-module-builder/domain-models-maven-plugin/src/test/resources/schemas/job.schema
GenerateRunner.generate Input directory /home/julian/git/raml-module-builder/domain-models-maven-plugin/target/GenerateRunnerTest/target/classes/ramls
org/folio/rest/jaxrs/model/ElementAnnotationTest.java
org/folio/rest/jaxrs/model/Job.java
org/folio/rest/jaxrs/model/Jobs.java
org/folio/rest/jaxrs/model/Error.java
org/folio/rest/jaxrs/model/Msgs.java
org/folio/rest/jaxrs/model/Parameter.java
GenerateRunner.generate Input directory /home/julian/git/raml-module-builder/domain-models-maven-plugin/target/GenerateRunnerTest/target/classes/ramls
org/folio/rest/jaxrs/model/Object.java
org/folio/rest/jaxrs/model/Test.java
GenerateRunner.generate Input directory /home/julian/git/raml-module-builder/domain-models-maven-plugin/target/GenerateRunnerTest/target/classes/ramls
org/folio/rest/jaxrs/model/Object.java
org/folio/rest/jaxrs/model/Test.java
[[1;34mINFO[m] [1;32mTests run: [0;1;32m12[m, Failures: 0, Errors: 0, Skipped: 0, Time elapsed: 0.562 s - in org.folio.rest.tools.[1mGenerateRunnerTest[m
[[1;34mINFO[m] Running org.folio.rest.tools.utils.[1mClassPathTest[m
ClassPath file=/home/julian/git/raml-module-builder/domain-models-maven-plugin/target/test-classes
ClassPath file=/home/julian/git/raml-module-builder/domain-models-maven-plugin/target/classes
ClassPath file=/home/julian/.m2/repository/org/apache/maven/maven-plugin-api/3.6.3/maven-plugin-api-3.6.3.jar
ClassPath file=/home/julian/.m2/repository/org/eclipse/sisu/org.eclipse.sisu.plexus/0.3.4/org.eclipse.sisu.plexus-0.3.4.jar
ClassPath file=/home/julian/.m2/repository/javax/enterprise/cdi-api/1.0/cdi-api-1.0.jar
ClassPath file=/home/julian/.m2/repository/javax/annotation/jsr250-api/1.0/jsr250-api-1.0.jar
ClassPath file=/home/julian/.m2/repository/org/codehaus/plexus/plexus-utils/3.2.1/plexus-utils-3.2.1.jar
ClassPath file=/home/julian/.m2/repository/org/codehaus/plexus/plexus-classworlds/2.6.0/plexus-classworlds-2.6.0.jar
ClassPath file=/home/julian/.m2/repository/org/apache/maven/maven-core/3.6.3/maven-core-3.6.3.jar
ClassPath file=/home/julian/.m2/repository/org/apache/maven/maven-settings/3.6.3/maven-settings-3.6.3.jar
ClassPath file=/home/julian/.m2/repository/org/apache/maven/maven-settings-builder/3.6.3/maven-settings-builder-3.6.3.jar
ClassPath file=/home/julian/.m2/repository/org/codehaus/plexus/plexus-interpolation/1.25/plexus-interpolation-1.25.jar
ClassPath file=/home/julian/.m2/repository/org/sonatype/plexus/plexus-sec-dispatcher/1.4/plexus-sec-dispatcher-1.4.jar
ClassPath file=/home/julian/.m2/repository/org/sonatype/plexus/plexus-cipher/1.4/plexus-cipher-1.4.jar
ClassPath file=/home/julian/.m2/repository/org/apache/maven/maven-builder-support/3.6.3/maven-builder-support-3.6.3.jar
ClassPath file=/home/julian/.m2/repository/org/apache/maven/maven-repository-metadata/3.6.3/maven-repository-metadata-3.6.3.jar
ClassPath file=/home/julian/.m2/repository/org/apache/maven/maven-model-builder/3.6.3/maven-model-builder-3.6.3.jar
ClassPath file=/home/julian/.m2/repository/org/apache/maven/maven-resolver-provider/3.6.3/maven-resolver-provider-3.6.3.jar
ClassPath file=/home/julian/.m2/repository/org/slf4j/slf4j-api/1.7.29/slf4j-api-1.7.29.jar
ClassPath file=/home/julian/.m2/repository/org/apache/maven/resolver/maven-resolver-impl/1.4.1/maven-resolver-impl-1.4.1.jar
ClassPath file=/home/julian/.m2/repository/org/apache/maven/resolver/maven-resolver-api/1.4.1/maven-resolver-api-1.4.1.jar
ClassPath file=/home/julian/.m2/repository/org/apache/maven/resolver/maven-resolver-spi/1.4.1/maven-resolver-spi-1.4.1.jar
ClassPath file=/home/julian/.m2/repository/org/apache/maven/resolver/maven-resolver-util/1.4.1/maven-resolver-util-1.4.1.jar
ClassPath file=/home/julian/.m2/repository/org/apache/maven/shared/maven-shared-utils/3.2.1/maven-shared-utils-3.2.1.jar
ClassPath file=/home/julian/.m2/repository/commons-io/commons-io/2.5/commons-io-2.5.jar
ClassPath file=/home/julian/.m2/repository/org/eclipse/sisu/org.eclipse.sisu.inject/0.3.4/org.eclipse.sisu.inject-0.3.4.jar
ClassPath file=/home/julian/.m2/repository/com/google/inject/guice/4.2.1/guice-4.2.1-no_aop.jar
ClassPath file=/home/julian/.m2/repository/aopalliance/aopalliance/1.0/aopalliance-1.0.jar
ClassPath file=/home/julian/.m2/repository/javax/inject/javax.inject/1/javax.inject-1.jar
ClassPath file=/home/julian/.m2/repository/org/codehaus/plexus/plexus-component-annotations/2.1.0/plexus-component-annotations-2.1.0.jar
ClassPath file=/home/julian/.m2/repository/org/apache/commons/commons-lang3/3.8.1/commons-lang3-3.8.1.jar
ClassPath file=/home/julian/.m2/repository/org/apache/maven/maven-artifact/3.6.3/maven-artifact-3.6.3.jar
ClassPath file=/home/julian/.m2/repository/org/apache/maven/plugin-tools/maven-plugin-annotations/3.6.0/maven-plugin-annotations-3.6.0.jar
ClassPath file=/home/julian/.m2/repository/io/vertx/vertx-core/3.9.4/vertx-core-3.9.4.jar
ClassPath file=/home/julian/.m2/repository/io/netty/netty-common/4.1.49.Final/netty-common-4.1.49.Final.jar
ClassPath file=/home/julian/.m2/repository/io/netty/netty-buffer/4.1.49.Final/netty-buffer-4.1.49.Final.jar
ClassPath file=/home/julian/.m2/repository/io/netty/netty-transport/4.1.49.Final/netty-transport-4.1.49.Final.jar
ClassPath file=/home/julian/.m2/repository/io/netty/netty-handler/4.1.49.Final/netty-handler-4.1.49.Final.jar
ClassPath file=/home/julian/.m2/repository/io/netty/netty-codec/4.1.49.Final/netty-codec-4.1.49.Final.jar
ClassPath file=/home/julian/.m2/repository/io/netty/netty-handler-proxy/4.1.49.Final/netty-handler-proxy-4.1.49.Final.jar
ClassPath file=/home/julian/.m2/repository/io/netty/netty-codec-socks/4.1.49.Final/netty-codec-socks-4.1.49.Final.jar
ClassPath file=/home/julian/.m2/repository/io/netty/netty-codec-http/4.1.49.Final/netty-codec-http-4.1.49.Final.jar
ClassPath file=/home/julian/.m2/repository/io/netty/netty-codec-http2/4.1.49.Final/netty-codec-http2-4.1.49.Final.jar
ClassPath file=/home/julian/.m2/repository/io/netty/netty-resolver/4.1.49.Final/netty-resolver-4.1.49.Final.jar
ClassPath file=/home/julian/.m2/repository/io/netty/netty-resolver-dns/4.1.49.Final/netty-resolver-dns-4.1.49.Final.jar
ClassPath file=/home/julian/.m2/repository/io/netty/netty-codec-dns/4.1.49.Final/netty-codec-dns-4.1.49.Final.jar
ClassPath file=/home/julian/.m2/repository/com/fasterxml/jackson/core/jackson-core/2.11.3/jackson-core-2.11.3.jar
ClassPath file=/home/julian/.m2/repository/com/fasterxml/jackson/core/jackson-databind/2.11.3/jackson-databind-2.11.3.jar
ClassPath file=/home/julian/.m2/repository/com/fasterxml/jackson/core/jackson-annotations/2.11.3/jackson-annotations-2.11.3.jar
ClassPath file=/home/julian/.m2/repository/org/raml/jaxrs/jaxrs-code-generator/3.0.7/jaxrs-code-generator-3.0.7.jar
ClassPath file=/home/julian/.m2/repository/org/raml/raml-parser-2/1.0.28/raml-parser-2-1.0.28.jar
ClassPath file=/home/julian/.m2/repository/org/raml/yagi/1.0.28/yagi-1.0.28.jar
ClassPath file=/home/julian/.m2/repository/org/yaml/snakeyaml/1.15/snakeyaml-1.15.jar
ClassPath file=/home/julian/.m2/repository/com/fasterxml/jackson/module/jackson-module-jsonSchema/2.9.7/jackson-module-jsonSchema-2.9.7.jar
ClassPath file=/home/julian/.m2/repository/com/github/java-json-tools/json-schema-validator/2.2.8/json-schema-validator-2.2.8.jar
ClassPath file=/home/julian/.m2/repository/com/github/java-json-tools/json-schema-core/1.2.8/json-schema-core-1.2.8.jar
ClassPath file=/home/julian/.m2/repository/org/mozilla/rhino/1.7R4/rhino-1.7R4.jar
ClassPath file=/home/julian/.m2/repository/com/github/fge/jackson-coreutils/1.8/jackson-coreutils-1.8.jar
ClassPath file=/home/julian/.m2/repository/com/github/fge/msg-simple/1.1/msg-simple-1.1.jar
ClassPath file=/home/julian/.m2/repository/com/github/fge/btf/1.2/btf-1.2.jar
ClassPath file=/home/julian/.m2/repository/com/github/fge/uri-template/0.9/uri-template-0.9.jar
ClassPath file=/home/julian/.m2/repository/javax/mail/mailapi/1.4.3/mailapi-1.4.3.jar
ClassPath file=/home/julian/.m2/repository/com/googlecode/libphonenumber/libphonenumber/8.0.0/libphonenumber-8.0.0.jar
ClassPath file=/home/julian/.m2/repository/net/sf/jopt-simple/jopt-simple/5.0.3/jopt-simple-5.0.3.jar
ClassPath file=/home/julian/.m2/repository/com/googlecode/juniversalchardet/juniversalchardet/1.0.3/juniversalchardet-1.0.3.jar
ClassPath file=/home/julian/.m2/repository/org/apache/ws/xmlschema/xmlschema-core/2.2.1/xmlschema-core-2.2.1.jar
ClassPath file=/home/julian/.m2/repository/javax/json/javax.json-api/1.0/javax.json-api-1.0.jar
ClassPath file=/home/julian/.m2/repository/org/glassfish/javax.json/1.0.4/javax.json-1.0.4.jar
ClassPath file=/home/julian/.m2/repository/org/raml/raml-to-pojo/1.0.6/raml-to-pojo-1.0.6.jar
ClassPath file=/home/julian/.m2/repository/org/raml/test-utils/1.0.6/test-utils-1.0.6.jar
ClassPath file=/home/julian/.m2/repository/org/mockito/mockito-core/3.4.6/mockito-core-3.4.6.jar
ClassPath file=/home/julian/.m2/repository/net/bytebuddy/byte-buddy/1.10.13/byte-buddy-1.10.13.jar
ClassPath file=/home/julian/.m2/repository/net/bytebuddy/byte-buddy-agent/1.10.13/byte-buddy-agent-1.10.13.jar
ClassPath file=/home/julian/.m2/repository/org/objenesis/objenesis/2.6/objenesis-2.6.jar
ClassPath file=/home/julian/.m2/repository/com/google/code/gson/gson/2.5/gson-2.5.jar
ClassPath file=/home/julian/.m2/repository/org/codehaus/jackson/jackson-mapper-asl/1.9.1/jackson-mapper-asl-1.9.1.jar
ClassPath file=/home/julian/.m2/repository/org/codehaus/jackson/jackson-core-asl/1.9.1/jackson-core-asl-1.9.1.jar
ClassPath file=/home/julian/.m2/repository/javax/annotation/javax.annotation-api/1.3.2/javax.annotation-api-1.3.2.jar
ClassPath file=/home/julian/.m2/repository/com/squareup/javapoet/1.11.1/javapoet-1.11.1.jar
ClassPath file=/home/julian/.m2/repository/commons-cli/commons-cli/1.3.1/commons-cli-1.3.1.jar
ClassPath file=/home/julian/.m2/repository/javax/ws/rs/javax.ws.rs-api/2.0.1/javax.ws.rs-api-2.0.1.jar
ClassPath file=/home/julian/.m2/repository/com/google/guava/guava/19.0/guava-19.0.jar
ClassPath file=/home/julian/.m2/repository/org/jsonschema2pojo/jsonschema2pojo-core/0.5.1/jsonschema2pojo-core-0.5.1.jar
ClassPath file=/home/julian/.m2/repository/org/jsonschema2pojo/jsonschema2pojo-scalagen/0.5.1/jsonschema2pojo-scalagen-0.5.1.jar
ClassPath file=/home/julian/.m2/repository/net/sourceforge/collections/collections-generic/4.01/collections-generic-4.01.jar
ClassPath file=/home/julian/.m2/repository/com/fasterxml/jackson/dataformat/jackson-dataformat-yaml/2.11.3/jackson-dataformat-yaml-2.11.3.jar
ClassPath file=/home/julian/.m2/repository/org/scala-lang/scala-library/2.11.6/scala-library-2.11.6.jar
ClassPath file=/home/julian/.m2/repository/com/google/code/javaparser/javaparser/1.0.10/javaparser-1.0.10.jar
ClassPath file=/home/julian/.m2/repository/com/sun/codemodel/codemodel/2.6/codemodel-2.6.jar
ClassPath file=/home/julian/.m2/repository/com/google/code/findbugs/jsr305/3.0.1/jsr305-3.0.1.jar
ClassPath file=/home/julian/.m2/repository/com/squareup/moshi/moshi/1.5.0/moshi-1.5.0.jar
ClassPath file=/home/julian/.m2/repository/com/squareup/okio/okio/1.13.0/okio-1.13.0.jar
ClassPath file=/home/julian/.m2/repository/commons-lang/commons-lang/2.6/commons-lang-2.6.jar
ClassPath file=/home/julian/.m2/repository/joda-time/joda-time/2.2/joda-time-2.2.jar
ClassPath file=/home/julian/.m2/repository/com/google/code/findbugs/annotations/1.3.9/annotations-1.3.9.jar
ClassPath file=/home/julian/.m2/repository/com/sun/xml/bind/jaxb-xjc/2.1.6/jaxb-xjc-2.1.6.jar
ClassPath file=/home/julian/.m2/repository/com/sun/xml/bind/jaxb-xjc/2.1.6/jaxb-api.jar
ClassPath file=/home/julian/.m2/repository/com/sun/xml/bind/jaxb-xjc/2.1.6/jaxb-impl.jar
ClassPath file=/home/julian/.m2/repository/com/sun/xml/bind/jaxb-xjc/2.1.6/jsr173_1.0_api.jar
ClassPath file=/home/julian/.m2/repository/com/sun/xml/bind/jaxb-xjc/2.1.6/activation.jar
ClassPath file=/home/julian/.m2/repository/com/sun/xml/bind/jaxb-impl/2.1.6/jaxb-impl-2.1.6.jar
ClassPath file=/home/julian/.m2/repository/com/sun/xml/bind/jaxb-impl/2.1.6/jaxb-api.jar
ClassPath file=/home/julian/.m2/repository/com/sun/xml/bind/jaxb-impl/2.1.6/activation.jar
ClassPath file=/home/julian/.m2/repository/com/sun/xml/bind/jaxb-impl/2.1.6/jsr173_1.0_api.jar
ClassPath file=/home/julian/.m2/repository/com/sun/xml/bind/jaxb-impl/2.1.6/jaxb1-impl.jar
ClassPath file=/home/julian/.m2/repository/javax/validation/validation-api/2.0.1.Final/validation-api-2.0.1.Final.jar
ClassPath file=/home/julian/.m2/repository/org/hamcrest/hamcrest-all/1.3/hamcrest-all-1.3.jar
ClassPath file=/home/julian/.m2/repository/javax/xml/bind/jaxb-api/2.1/jaxb-api-2.1.jar
ClassPath file=/home/julian/.m2/repository/javax/xml/stream/stax-api/1.0-2/stax-api-1.0-2.jar
ClassPath file=/home/julian/.m2/repository/javax/activation/activation/1.1/activation-1.1.jar
ClassPath file=/home/julian/.m2/repository/org/apache/commons/commons-collections4/4.1/commons-collections4-4.1.jar
ClassPath file=/home/julian/.m2/repository/org/folio/domain-models-api-aspects/31.2.0-SNAPSHOT/domain-models-api-aspects-31.2.0-SNAPSHOT.jar
ClassPath file=/home/julian/.m2/repository/org/hibernate/validator/hibernate-validator/6.1.5.Final/hibernate-validator-6.1.5.Final.jar
ClassPath file=/home/julian/.m2/repository/jakarta/validation/jakarta.validation-api/2.0.2/jakarta.validation-api-2.0.2.jar
ClassPath file=/home/julian/.m2/repository/org/jboss/logging/jboss-logging/3.3.2.Final/jboss-logging-3.3.2.Final.jar
ClassPath file=/home/julian/.m2/repository/com/fasterxml/classmate/1.3.4/classmate-1.3.4.jar
ClassPath file=/home/julian/.m2/repository/javax/el/javax.el-api/3.0.1-b06/javax.el-api-3.0.1-b06.jar
ClassPath file=/home/julian/.m2/repository/org/glassfish/javax.el/3.0.1-b11/javax.el-3.0.1-b11.jar
ClassPath file=/home/julian/.m2/repository/org/aspectj/aspectjrt/1.9.6/aspectjrt-1.9.6.jar
ClassPath file=/home/julian/.m2/repository/org/javassist/javassist/3.27.0-GA/javassist-3.27.0-GA.jar
ClassPath file=/home/julian/.m2/repository/org/folio/util/31.2.0-SNAPSHOT/util-31.2.0-SNAPSHOT.jar
ClassPath file=/home/julian/.m2/repository/io/vertx/vertx-web/3.9.4/vertx-web-3.9.4.jar
ClassPath file=/home/julian/.m2/repository/io/vertx/vertx-web-common/3.9.4/vertx-web-common-3.9.4.jar
ClassPath file=/home/julian/.m2/repository/io/vertx/vertx-auth-common/3.9.4/vertx-auth-common-3.9.4.jar
ClassPath file=/home/julian/.m2/repository/io/vertx/vertx-bridge-common/3.9.4/vertx-bridge-common-3.9.4.jar
ClassPath file=/home/julian/.m2/repository/org/apache/maven/maven-model/3.3.9/maven-model-3.3.9.jar
ClassPath file=/home/julian/.m2/repository/xpp3/xpp3/1.1.4c/xpp3-1.1.4c.jar
ClassPath file=/home/julian/.m2/repository/org/hamcrest/hamcrest/2.2/hamcrest-2.2.jar
ClassPath file=/home/julian/.m2/repository/org/hamcrest/hamcrest-library/2.2/hamcrest-library-2.2.jar
ClassPath file=/home/julian/.m2/repository/org/hamcrest/hamcrest-core/2.2/hamcrest-core-2.2.jar
ClassPath file=/home/julian/.m2/repository/org/assertj/assertj-core/3.16.1/assertj-core-3.16.1.jar
ClassPath file=/home/julian/.m2/repository/junit/junit/4.13.1/junit-4.13.1.jar
ClassPath file=/home/julian/.m2/repository/org/junit/jupiter/junit-jupiter/5.7.0/junit-jupiter-5.7.0.jar
ClassPath file=/home/julian/.m2/repository/org/junit/jupiter/junit-jupiter-api/5.7.0/junit-jupiter-api-5.7.0.jar
ClassPath file=/home/julian/.m2/repository/org/opentest4j/opentest4j/1.2.0/opentest4j-1.2.0.jar
ClassPath file=/home/julian/.m2/repository/org/junit/platform/junit-platform-commons/1.7.0/junit-platform-commons-1.7.0.jar
ClassPath file=/home/julian/.m2/repository/org/junit/jupiter/junit-jupiter-params/5.7.0/junit-jupiter-params-5.7.0.jar
ClassPath file=/home/julian/.m2/repository/org/junit/jupiter/junit-jupiter-engine/5.7.0/junit-jupiter-engine-5.7.0.jar
ClassPath file=/home/julian/.m2/repository/org/junit/vintage/junit-vintage-engine/5.7.0/junit-vintage-engine-5.7.0.jar
ClassPath file=/home/julian/.m2/repository/org/apiguardian/apiguardian-api/1.1.0/apiguardian-api-1.1.0.jar
ClassPath file=/home/julian/.m2/repository/org/junit/platform/junit-platform-engine/1.7.0/junit-platform-engine-1.7.0.jar
ClassPath file=/home/julian/.m2/repository/com/github/javaparser/javaparser-core/3.16.1/javaparser-core-3.16.1.jar
ClassPath file=/home/julian/git/raml-module-builder/domain-models-maven-plugin/no/such/file/anywhere
Nov 30, 2020 4:09:20 PM org.folio.rest.tools.utils.ClassPath$Scanner getClassPathFromManifest
SEVERE: Invalid Class-Path entry: nosuchscheme:an_invalid^path
ClassPath file=/tmp/with_circular_class_path12983767728368994878.jar
ClassPath file=/tmp/not_a_jar15748666988996219501txt
ClassPath file=/home/julian/git/raml-module-builder/domain-models-maven-plugin/target/test-classes
ClassPath file=/home/julian/git/raml-module-builder/domain-models-maven-plugin/target/classes
ClassPath file=/home/julian/.m2/repository/org/apache/maven/maven-plugin-api/3.6.3/maven-plugin-api-3.6.3.jar
ClassPath file=/tmp/1606748960937-0/To test unescaped spaces in jar file name.jar
ClassPath file=/tmp/ClassPathTest13696999033920062728
ClassPath file=/home/julian/git/raml-module-builder/domain-models-maven-plugin/target/test-classes
ClassPath file=/home/julian/git/raml-module-builder/domain-models-maven-plugin/target/classes
ClassPath file=/home/julian/.m2/repository/org/apache/maven/maven-plugin-api/3.6.3/maven-plugin-api-3.6.3.jar
ClassPath file=/home/julian/.m2/repository/org/eclipse/sisu/org.eclipse.sisu.plexus/0.3.4/org.eclipse.sisu.plexus-0.3.4.jar
ClassPath file=/home/julian/.m2/repository/javax/enterprise/cdi-api/1.0/cdi-api-1.0.jar
ClassPath file=/home/julian/.m2/repository/javax/annotation/jsr250-api/1.0/jsr250-api-1.0.jar
ClassPath file=/home/julian/.m2/repository/org/codehaus/plexus/plexus-utils/3.2.1/plexus-utils-3.2.1.jar
ClassPath file=/home/julian/.m2/repository/org/codehaus/plexus/plexus-classworlds/2.6.0/plexus-classworlds-2.6.0.jar
ClassPath file=/home/julian/.m2/repository/org/apache/maven/maven-core/3.6.3/maven-core-3.6.3.jar
ClassPath file=/home/julian/.m2/repository/org/apache/maven/maven-settings/3.6.3/maven-settings-3.6.3.jar
ClassPath file=/home/julian/.m2/repository/org/apache/maven/maven-settings-builder/3.6.3/maven-settings-builder-3.6.3.jar
ClassPath file=/home/julian/.m2/repository/org/codehaus/plexus/plexus-interpolation/1.25/plexus-interpolation-1.25.jar
ClassPath file=/home/julian/.m2/repository/org/sonatype/plexus/plexus-sec-dispatcher/1.4/plexus-sec-dispatcher-1.4.jar
ClassPath file=/home/julian/.m2/repository/org/sonatype/plexus/plexus-cipher/1.4/plexus-cipher-1.4.jar
ClassPath file=/home/julian/.m2/repository/org/apache/maven/maven-builder-support/3.6.3/maven-builder-support-3.6.3.jar
ClassPath file=/home/julian/.m2/repository/org/apache/maven/maven-repository-metadata/3.6.3/maven-repository-metadata-3.6.3.jar
ClassPath file=/home/julian/.m2/repository/org/apache/maven/maven-model-builder/3.6.3/maven-model-builder-3.6.3.jar
ClassPath file=/home/julian/.m2/repository/org/apache/maven/maven-resolver-provider/3.6.3/maven-resolver-provider-3.6.3.jar
ClassPath file=/home/julian/.m2/repository/org/slf4j/slf4j-api/1.7.29/slf4j-api-1.7.29.jar
ClassPath file=/home/julian/.m2/repository/org/apache/maven/resolver/maven-resolver-impl/1.4.1/maven-resolver-impl-1.4.1.jar
ClassPath file=/home/julian/.m2/repository/org/apache/maven/resolver/maven-resolver-api/1.4.1/maven-resolver-api-1.4.1.jar
ClassPath file=/home/julian/.m2/repository/org/apache/maven/resolver/maven-resolver-spi/1.4.1/maven-resolver-spi-1.4.1.jar
ClassPath file=/home/julian/.m2/repository/org/apache/maven/resolver/maven-resolver-util/1.4.1/maven-resolver-util-1.4.1.jar
ClassPath file=/home/julian/.m2/repository/org/apache/maven/shared/maven-shared-utils/3.2.1/maven-shared-utils-3.2.1.jar
ClassPath file=/home/julian/.m2/repository/commons-io/commons-io/2.5/commons-io-2.5.jar
ClassPath file=/home/julian/.m2/repository/org/eclipse/sisu/org.eclipse.sisu.inject/0.3.4/org.eclipse.sisu.inject-0.3.4.jar
ClassPath file=/home/julian/.m2/repository/com/google/inject/guice/4.2.1/guice-4.2.1-no_aop.jar
ClassPath file=/home/julian/.m2/repository/aopalliance/aopalliance/1.0/aopalliance-1.0.jar
ClassPath file=/home/julian/.m2/repository/javax/inject/javax.inject/1/javax.inject-1.jar
ClassPath file=/home/julian/.m2/repository/org/codehaus/plexus/plexus-component-annotations/2.1.0/plexus-component-annotations-2.1.0.jar
ClassPath file=/home/julian/.m2/repository/org/apache/commons/commons-lang3/3.8.1/commons-lang3-3.8.1.jar
ClassPath file=/home/julian/.m2/repository/org/apache/maven/maven-artifact/3.6.3/maven-artifact-3.6.3.jar
ClassPath file=/home/julian/.m2/repository/org/apache/maven/plugin-tools/maven-plugin-annotations/3.6.0/maven-plugin-annotations-3.6.0.jar
ClassPath file=/home/julian/.m2/repository/io/vertx/vertx-core/3.9.4/vertx-core-3.9.4.jar
ClassPath file=/home/julian/.m2/repository/io/netty/netty-common/4.1.49.Final/netty-common-4.1.49.Final.jar
ClassPath file=/home/julian/.m2/repository/io/netty/netty-buffer/4.1.49.Final/netty-buffer-4.1.49.Final.jar
ClassPath file=/home/julian/.m2/repository/io/netty/netty-transport/4.1.49.Final/netty-transport-4.1.49.Final.jar
ClassPath file=/home/julian/.m2/repository/io/netty/netty-handler/4.1.49.Final/netty-handler-4.1.49.Final.jar
ClassPath file=/home/julian/.m2/repository/io/netty/netty-codec/4.1.49.Final/netty-codec-4.1.49.Final.jar
ClassPath file=/home/julian/.m2/repository/io/netty/netty-handler-proxy/4.1.49.Final/netty-handler-proxy-4.1.49.Final.jar
ClassPath file=/home/julian/.m2/repository/io/netty/netty-codec-socks/4.1.49.Final/netty-codec-socks-4.1.49.Final.jar
ClassPath file=/home/julian/.m2/repository/io/netty/netty-codec-http/4.1.49.Final/netty-codec-http-4.1.49.Final.jar
ClassPath file=/home/julian/.m2/repository/io/netty/netty-codec-http2/4.1.49.Final/netty-codec-http2-4.1.49.Final.jar
ClassPath file=/home/julian/.m2/repository/io/netty/netty-resolver/4.1.49.Final/netty-resolver-4.1.49.Final.jar
ClassPath file=/home/julian/.m2/repository/io/netty/netty-resolver-dns/4.1.49.Final/netty-resolver-dns-4.1.49.Final.jar
ClassPath file=/home/julian/.m2/repository/io/netty/netty-codec-dns/4.1.49.Final/netty-codec-dns-4.1.49.Final.jar
ClassPath file=/home/julian/.m2/repository/com/fasterxml/jackson/core/jackson-core/2.11.3/jackson-core-2.11.3.jar
ClassPath file=/home/julian/.m2/repository/com/fasterxml/jackson/core/jackson-databind/2.11.3/jackson-databind-2.11.3.jar
ClassPath file=/home/julian/.m2/repository/com/fasterxml/jackson/core/jackson-annotations/2.11.3/jackson-annotations-2.11.3.jar
ClassPath file=/home/julian/.m2/repository/org/raml/jaxrs/jaxrs-code-generator/3.0.7/jaxrs-code-generator-3.0.7.jar
ClassPath file=/home/julian/.m2/repository/org/raml/raml-parser-2/1.0.28/raml-parser-2-1.0.28.jar
ClassPath file=/home/julian/.m2/repository/org/raml/yagi/1.0.28/yagi-1.0.28.jar
ClassPath file=/home/julian/.m2/repository/org/yaml/snakeyaml/1.15/snakeyaml-1.15.jar
ClassPath file=/home/julian/.m2/repository/com/fasterxml/jackson/module/jackson-module-jsonSchema/2.9.7/jackson-module-jsonSchema-2.9.7.jar
ClassPath file=/home/julian/.m2/repository/com/github/java-json-tools/json-schema-validator/2.2.8/json-schema-validator-2.2.8.jar
ClassPath file=/home/julian/.m2/repository/com/github/java-json-tools/json-schema-core/1.2.8/json-schema-core-1.2.8.jar
ClassPath file=/home/julian/.m2/repository/org/mozilla/rhino/1.7R4/rhino-1.7R4.jar
ClassPath file=/home/julian/.m2/repository/com/github/fge/jackson-coreutils/1.8/jackson-coreutils-1.8.jar
ClassPath file=/home/julian/.m2/repository/com/github/fge/msg-simple/1.1/msg-simple-1.1.jar
ClassPath file=/home/julian/.m2/repository/com/github/fge/btf/1.2/btf-1.2.jar
ClassPath file=/home/julian/.m2/repository/com/github/fge/uri-template/0.9/uri-template-0.9.jar
ClassPath file=/home/julian/.m2/repository/javax/mail/mailapi/1.4.3/mailapi-1.4.3.jar
ClassPath file=/home/julian/.m2/repository/com/googlecode/libphonenumber/libphonenumber/8.0.0/libphonenumber-8.0.0.jar
ClassPath file=/home/julian/.m2/repository/net/sf/jopt-simple/jopt-simple/5.0.3/jopt-simple-5.0.3.jar
ClassPath file=/home/julian/.m2/repository/com/googlecode/juniversalchardet/juniversalchardet/1.0.3/juniversalchardet-1.0.3.jar
ClassPath file=/home/julian/.m2/repository/org/apache/ws/xmlschema/xmlschema-core/2.2.1/xmlschema-core-2.2.1.jar
ClassPath file=/home/julian/.m2/repository/javax/json/javax.json-api/1.0/javax.json-api-1.0.jar
ClassPath file=/home/julian/.m2/repository/org/glassfish/javax.json/1.0.4/javax.json-1.0.4.jar
ClassPath file=/home/julian/.m2/repository/org/raml/raml-to-pojo/1.0.6/raml-to-pojo-1.0.6.jar
ClassPath file=/home/julian/.m2/repository/org/raml/test-utils/1.0.6/test-utils-1.0.6.jar
ClassPath file=/home/julian/.m2/repository/org/mockito/mockito-core/3.4.6/mockito-core-3.4.6.jar
ClassPath file=/home/julian/.m2/repository/net/bytebuddy/byte-buddy/1.10.13/byte-buddy-1.10.13.jar
ClassPath file=/home/julian/.m2/repository/net/bytebuddy/byte-buddy-agent/1.10.13/byte-buddy-agent-1.10.13.jar
ClassPath file=/home/julian/.m2/repository/org/objenesis/objenesis/2.6/objenesis-2.6.jar
ClassPath file=/home/julian/.m2/repository/com/google/code/gson/gson/2.5/gson-2.5.jar
ClassPath file=/home/julian/.m2/repository/org/codehaus/jackson/jackson-mapper-asl/1.9.1/jackson-mapper-asl-1.9.1.jar
ClassPath file=/home/julian/.m2/repository/org/codehaus/jackson/jackson-core-asl/1.9.1/jackson-core-asl-1.9.1.jar
ClassPath file=/home/julian/.m2/repository/javax/annotation/javax.annotation-api/1.3.2/javax.annotation-api-1.3.2.jar
ClassPath file=/home/julian/.m2/repository/com/squareup/javapoet/1.11.1/javapoet-1.11.1.jar
ClassPath file=/home/julian/.m2/repository/commons-cli/commons-cli/1.3.1/commons-cli-1.3.1.jar
ClassPath file=/home/julian/.m2/repository/javax/ws/rs/javax.ws.rs-api/2.0.1/javax.ws.rs-api-2.0.1.jar
ClassPath file=/home/julian/.m2/repository/com/google/guava/guava/19.0/guava-19.0.jar
ClassPath file=/home/julian/.m2/repository/org/jsonschema2pojo/jsonschema2pojo-core/0.5.1/jsonschema2pojo-core-0.5.1.jar
ClassPath file=/home/julian/.m2/repository/org/jsonschema2pojo/jsonschema2pojo-scalagen/0.5.1/jsonschema2pojo-scalagen-0.5.1.jar
ClassPath file=/home/julian/.m2/repository/net/sourceforge/collections/collections-generic/4.01/collections-generic-4.01.jar
ClassPath file=/home/julian/.m2/repository/com/fasterxml/jackson/dataformat/jackson-dataformat-yaml/2.11.3/jackson-dataformat-yaml-2.11.3.jar
ClassPath file=/home/julian/.m2/repository/org/scala-lang/scala-library/2.11.6/scala-library-2.11.6.jar
ClassPath file=/home/julian/.m2/repository/com/google/code/javaparser/javaparser/1.0.10/javaparser-1.0.10.jar
ClassPath file=/home/julian/.m2/repository/com/sun/codemodel/codemodel/2.6/codemodel-2.6.jar
ClassPath file=/home/julian/.m2/repository/com/google/code/findbugs/jsr305/3.0.1/jsr305-3.0.1.jar
ClassPath file=/home/julian/.m2/repository/com/squareup/moshi/moshi/1.5.0/moshi-1.5.0.jar
ClassPath file=/home/julian/.m2/repository/com/squareup/okio/okio/1.13.0/okio-1.13.0.jar
ClassPath file=/home/julian/.m2/repository/commons-lang/commons-lang/2.6/commons-lang-2.6.jar
ClassPath file=/home/julian/.m2/repository/joda-time/joda-time/2.2/joda-time-2.2.jar
ClassPath file=/home/julian/.m2/repository/com/google/code/findbugs/annotations/1.3.9/annotations-1.3.9.jar
ClassPath file=/home/julian/.m2/repository/com/sun/xml/bind/jaxb-xjc/2.1.6/jaxb-xjc-2.1.6.jar
ClassPath file=/home/julian/.m2/repository/com/sun/xml/bind/jaxb-impl/2.1.6/jaxb-impl-2.1.6.jar
ClassPath file=/home/julian/.m2/repository/javax/validation/validation-api/2.0.1.Final/validation-api-2.0.1.Final.jar
ClassPath file=/home/julian/.m2/repository/org/hamcrest/hamcrest-all/1.3/hamcrest-all-1.3.jar
ClassPath file=/home/julian/.m2/repository/javax/xml/bind/jaxb-api/2.1/jaxb-api-2.1.jar
ClassPath file=/home/julian/.m2/repository/javax/xml/stream/stax-api/1.0-2/stax-api-1.0-2.jar
ClassPath file=/home/julian/.m2/repository/javax/activation/activation/1.1/activation-1.1.jar
ClassPath file=/home/julian/.m2/repository/org/apache/commons/commons-collections4/4.1/commons-collections4-4.1.jar
ClassPath file=/home/julian/.m2/repository/org/folio/domain-models-api-aspects/31.2.0-SNAPSHOT/domain-models-api-aspects-31.2.0-SNAPSHOT.jar
ClassPath file=/home/julian/.m2/repository/org/hibernate/validator/hibernate-validator/6.1.5.Final/hibernate-validator-6.1.5.Final.jar
ClassPath file=/home/julian/.m2/repository/jakarta/validation/jakarta.validation-api/2.0.2/jakarta.validation-api-2.0.2.jar
ClassPath file=/home/julian/.m2/repository/org/jboss/logging/jboss-logging/3.3.2.Final/jboss-logging-3.3.2.Final.jar
ClassPath file=/home/julian/.m2/repository/com/fasterxml/classmate/1.3.4/classmate-1.3.4.jar
ClassPath file=/home/julian/.m2/repository/javax/el/javax.el-api/3.0.1-b06/javax.el-api-3.0.1-b06.jar
ClassPath file=/home/julian/.m2/repository/org/glassfish/javax.el/3.0.1-b11/javax.el-3.0.1-b11.jar
ClassPath file=/home/julian/.m2/repository/org/aspectj/aspectjrt/1.9.6/aspectjrt-1.9.6.jar
ClassPath file=/home/julian/.m2/repository/org/javassist/javassist/3.27.0-GA/javassist-3.27.0-GA.jar
ClassPath file=/home/julian/.m2/repository/org/folio/util/31.2.0-SNAPSHOT/util-31.2.0-SNAPSHOT.jar
ClassPath file=/home/julian/.m2/repository/io/vertx/vertx-web/3.9.4/vertx-web-3.9.4.jar
ClassPath file=/home/julian/.m2/repository/io/vertx/vertx-web-common/3.9.4/vertx-web-common-3.9.4.jar
ClassPath file=/home/julian/.m2/repository/io/vertx/vertx-auth-common/3.9.4/vertx-auth-common-3.9.4.jar
ClassPath file=/home/julian/.m2/repository/io/vertx/vertx-bridge-common/3.9.4/vertx-bridge-common-3.9.4.jar
ClassPath file=/home/julian/.m2/repository/org/apache/maven/maven-model/3.3.9/maven-model-3.3.9.jar
ClassPath file=/home/julian/.m2/repository/xpp3/xpp3/1.1.4c/xpp3-1.1.4c.jar
ClassPath file=/home/julian/.m2/repository/org/hamcrest/hamcrest/2.2/hamcrest-2.2.jar
ClassPath file=/home/julian/.m2/repository/org/hamcrest/hamcrest-library/2.2/hamcrest-library-2.2.jar
ClassPath file=/home/julian/.m2/repository/org/hamcrest/hamcrest-core/2.2/hamcrest-core-2.2.jar
ClassPath file=/home/julian/.m2/repository/org/assertj/assertj-core/3.16.1/assertj-core-3.16.1.jar
ClassPath file=/home/julian/.m2/repository/junit/junit/4.13.1/junit-4.13.1.jar
ClassPath file=/home/julian/.m2/repository/org/junit/jupiter/junit-jupiter/5.7.0/junit-jupiter-5.7.0.jar
ClassPath file=/home/julian/.m2/repository/org/junit/jupiter/junit-jupiter-api/5.7.0/junit-jupiter-api-5.7.0.jar
ClassPath file=/home/julian/.m2/repository/org/opentest4j/opentest4j/1.2.0/opentest4j-1.2.0.jar
ClassPath file=/home/julian/.m2/repository/org/junit/platform/junit-platform-commons/1.7.0/junit-platform-commons-1.7.0.jar
ClassPath file=/home/julian/.m2/repository/org/junit/jupiter/junit-jupiter-params/5.7.0/junit-jupiter-params-5.7.0.jar
ClassPath file=/home/julian/.m2/repository/org/junit/jupiter/junit-jupiter-engine/5.7.0/junit-jupiter-engine-5.7.0.jar
ClassPath file=/home/julian/.m2/repository/org/junit/vintage/junit-vintage-engine/5.7.0/junit-vintage-engine-5.7.0.jar
ClassPath file=/home/julian/.m2/repository/org/apiguardian/apiguardian-api/1.1.0/apiguardian-api-1.1.0.jar
ClassPath file=/home/julian/.m2/repository/org/junit/platform/junit-platform-engine/1.7.0/junit-platform-engine-1.7.0.jar
ClassPath file=/home/julian/.m2/repository/com/github/javaparser/javaparser-core/3.16.1/javaparser-core-3.16.1.jar
ClassPath file=/tmp/ClassPathTest15072859930463732860
[[1;34mINFO[m] [1;32mTests run: [0;1;32m37[m, Failures: 0, Errors: 0, Skipped: 0, Time elapsed: 0.24 s - in org.folio.rest.tools.utils.[1mClassPathTest[m
[[1;34mINFO[m] Running org.folio.rest.tools.utils.[1mEnvsTest[m
[[1;34mINFO[m] [1;32mTests run: [0;1;32m11[m, Failures: 0, Errors: 0, Skipped: 0, Time elapsed: 0.008 s - in org.folio.rest.tools.utils.[1mEnvsTest[m
[[1;34mINFO[m] Running org.folio.rest.tools.utils.[1mRamlDirCopierTest[m
[[1;34mINFO[m] [1;32mTests run: [0;1;32m3[m, Failures: 0, Errors: 0, Skipped: 0, Time elapsed: 0.248 s - in org.folio.rest.tools.utils.[1mRamlDirCopierTest[m
[[1;34mINFO[m] Running org.folio.rest.tools.[1mClientGeneratorTest[m
ClientGenerator basedir=., packageDir=./target/generated-sources/raml-jaxrs/org/folio/rest/client
ClassPath file=/home/julian/git/raml-module-builder/domain-models-maven-plugin/target/test-classes
ClassPath file=/home/julian/git/raml-module-builder/domain-models-maven-plugin/target/classes
ClassPath file=/home/julian/.m2/repository/org/apache/maven/maven-plugin-api/3.6.3/maven-plugin-api-3.6.3.jar
ClassPath file=/home/julian/.m2/repository/org/eclipse/sisu/org.eclipse.sisu.plexus/0.3.4/org.eclipse.sisu.plexus-0.3.4.jar
ClassPath file=/home/julian/.m2/repository/javax/enterprise/cdi-api/1.0/cdi-api-1.0.jar
ClassPath file=/home/julian/.m2/repository/javax/annotation/jsr250-api/1.0/jsr250-api-1.0.jar
ClassPath file=/home/julian/.m2/repository/org/codehaus/plexus/plexus-utils/3.2.1/plexus-utils-3.2.1.jar
ClassPath file=/home/julian/.m2/repository/org/codehaus/plexus/plexus-classworlds/2.6.0/plexus-classworlds-2.6.0.jar
ClassPath file=/home/julian/.m2/repository/org/apache/maven/maven-core/3.6.3/maven-core-3.6.3.jar
ClassPath file=/home/julian/.m2/repository/org/apache/maven/maven-settings/3.6.3/maven-settings-3.6.3.jar
ClassPath file=/home/julian/.m2/repository/org/apache/maven/maven-settings-builder/3.6.3/maven-settings-builder-3.6.3.jar
ClassPath file=/home/julian/.m2/repository/org/codehaus/plexus/plexus-interpolation/1.25/plexus-interpolation-1.25.jar
ClassPath file=/home/julian/.m2/repository/org/sonatype/plexus/plexus-sec-dispatcher/1.4/plexus-sec-dispatcher-1.4.jar
ClassPath file=/home/julian/.m2/repository/org/sonatype/plexus/plexus-cipher/1.4/plexus-cipher-1.4.jar
ClassPath file=/home/julian/.m2/repository/org/apache/maven/maven-builder-support/3.6.3/maven-builder-support-3.6.3.jar
ClassPath file=/home/julian/.m2/repository/org/apache/maven/maven-repository-metadata/3.6.3/maven-repository-metadata-3.6.3.jar
ClassPath file=/home/julian/.m2/repository/org/apache/maven/maven-model-builder/3.6.3/maven-model-builder-3.6.3.jar
ClassPath file=/home/julian/.m2/repository/org/apache/maven/maven-resolver-provider/3.6.3/maven-resolver-provider-3.6.3.jar
ClassPath file=/home/julian/.m2/repository/org/slf4j/slf4j-api/1.7.29/slf4j-api-1.7.29.jar
ClassPath file=/home/julian/.m2/repository/org/apache/maven/resolver/maven-resolver-impl/1.4.1/maven-resolver-impl-1.4.1.jar
ClassPath file=/home/julian/.m2/repository/org/apache/maven/resolver/maven-resolver-api/1.4.1/maven-resolver-api-1.4.1.jar
ClassPath file=/home/julian/.m2/repository/org/apache/maven/resolver/maven-resolver-spi/1.4.1/maven-resolver-spi-1.4.1.jar
ClassPath file=/home/julian/.m2/repository/org/apache/maven/resolver/maven-resolver-util/1.4.1/maven-resolver-util-1.4.1.jar
ClassPath file=/home/julian/.m2/repository/org/apache/maven/shared/maven-shared-utils/3.2.1/maven-shared-utils-3.2.1.jar
ClassPath file=/home/julian/.m2/repository/commons-io/commons-io/2.5/commons-io-2.5.jar
ClassPath file=/home/julian/.m2/repository/org/eclipse/sisu/org.eclipse.sisu.inject/0.3.4/org.eclipse.sisu.inject-0.3.4.jar
ClassPath file=/home/julian/.m2/repository/com/google/inject/guice/4.2.1/guice-4.2.1-no_aop.jar
ClassPath file=/home/julian/.m2/repository/aopalliance/aopalliance/1.0/aopalliance-1.0.jar
ClassPath file=/home/julian/.m2/repository/javax/inject/javax.inject/1/javax.inject-1.jar
ClassPath file=/home/julian/.m2/repository/org/codehaus/plexus/plexus-component-annotations/2.1.0/plexus-component-annotations-2.1.0.jar
ClassPath file=/home/julian/.m2/repository/org/apache/commons/commons-lang3/3.8.1/commons-lang3-3.8.1.jar
ClassPath file=/home/julian/.m2/repository/org/apache/maven/maven-artifact/3.6.3/maven-artifact-3.6.3.jar
ClassPath file=/home/julian/.m2/repository/org/apache/maven/plugin-tools/maven-plugin-annotations/3.6.0/maven-plugin-annotations-3.6.0.jar
ClassPath file=/home/julian/.m2/repository/io/vertx/vertx-core/3.9.4/vertx-core-3.9.4.jar
ClassPath file=/home/julian/.m2/repository/io/netty/netty-common/4.1.49.Final/netty-common-4.1.49.Final.jar
ClassPath file=/home/julian/.m2/repository/io/netty/netty-buffer/4.1.49.Final/netty-buffer-4.1.49.Final.jar
ClassPath file=/home/julian/.m2/repository/io/netty/netty-transport/4.1.49.Final/netty-transport-4.1.49.Final.jar
ClassPath file=/home/julian/.m2/repository/io/netty/netty-handler/4.1.49.Final/netty-handler-4.1.49.Final.jar
ClassPath file=/home/julian/.m2/repository/io/netty/netty-codec/4.1.49.Final/netty-codec-4.1.49.Final.jar
ClassPath file=/home/julian/.m2/repository/io/netty/netty-handler-proxy/4.1.49.Final/netty-handler-proxy-4.1.49.Final.jar
ClassPath file=/home/julian/.m2/repository/io/netty/netty-codec-socks/4.1.49.Final/netty-codec-socks-4.1.49.Final.jar
ClassPath file=/home/julian/.m2/repository/io/netty/netty-codec-http/4.1.49.Final/netty-codec-http-4.1.49.Final.jar
ClassPath file=/home/julian/.m2/repository/io/netty/netty-codec-http2/4.1.49.Final/netty-codec-http2-4.1.49.Final.jar
ClassPath file=/home/julian/.m2/repository/io/netty/netty-resolver/4.1.49.Final/netty-resolver-4.1.49.Final.jar
ClassPath file=/home/julian/.m2/repository/io/netty/netty-resolver-dns/4.1.49.Final/netty-resolver-dns-4.1.49.Final.jar
ClassPath file=/home/julian/.m2/repository/io/netty/netty-codec-dns/4.1.49.Final/netty-codec-dns-4.1.49.Final.jar
ClassPath file=/home/julian/.m2/repository/com/fasterxml/jackson/core/jackson-core/2.11.3/jackson-core-2.11.3.jar
ClassPath file=/home/julian/.m2/repository/com/fasterxml/jackson/core/jackson-databind/2.11.3/jackson-databind-2.11.3.jar
ClassPath file=/home/julian/.m2/repository/com/fasterxml/jackson/core/jackson-annotations/2.11.3/jackson-annotations-2.11.3.jar
ClassPath file=/home/julian/.m2/repository/org/raml/jaxrs/jaxrs-code-generator/3.0.7/jaxrs-code-generator-3.0.7.jar
ClassPath file=/home/julian/.m2/repository/org/raml/raml-parser-2/1.0.28/raml-parser-2-1.0.28.jar
ClassPath file=/home/julian/.m2/repository/org/raml/yagi/1.0.28/yagi-1.0.28.jar
ClassPath file=/home/julian/.m2/repository/org/yaml/snakeyaml/1.15/snakeyaml-1.15.jar
ClassPath file=/home/julian/.m2/repository/com/fasterxml/jackson/module/jackson-module-jsonSchema/2.9.7/jackson-module-jsonSchema-2.9.7.jar
ClassPath file=/home/julian/.m2/repository/com/github/java-json-tools/json-schema-validator/2.2.8/json-schema-validator-2.2.8.jar
ClassPath file=/home/julian/.m2/repository/com/github/java-json-tools/json-schema-core/1.2.8/json-schema-core-1.2.8.jar
ClassPath file=/home/julian/.m2/repository/org/mozilla/rhino/1.7R4/rhino-1.7R4.jar
ClassPath file=/home/julian/.m2/repository/com/github/fge/jackson-coreutils/1.8/jackson-coreutils-1.8.jar
ClassPath file=/home/julian/.m2/repository/com/github/fge/msg-simple/1.1/msg-simple-1.1.jar
ClassPath file=/home/julian/.m2/repository/com/github/fge/btf/1.2/btf-1.2.jar
ClassPath file=/home/julian/.m2/repository/com/github/fge/uri-template/0.9/uri-template-0.9.jar
ClassPath file=/home/julian/.m2/repository/javax/mail/mailapi/1.4.3/mailapi-1.4.3.jar
ClassPath file=/home/julian/.m2/repository/com/googlecode/libphonenumber/libphonenumber/8.0.0/libphonenumber-8.0.0.jar
ClassPath file=/home/julian/.m2/repository/net/sf/jopt-simple/jopt-simple/5.0.3/jopt-simple-5.0.3.jar
ClassPath file=/home/julian/.m2/repository/com/googlecode/juniversalchardet/juniversalchardet/1.0.3/juniversalchardet-1.0.3.jar
ClassPath file=/home/julian/.m2/repository/org/apache/ws/xmlschema/xmlschema-core/2.2.1/xmlschema-core-2.2.1.jar
ClassPath file=/home/julian/.m2/repository/javax/json/javax.json-api/1.0/javax.json-api-1.0.jar
ClassPath file=/home/julian/.m2/repository/org/glassfish/javax.json/1.0.4/javax.json-1.0.4.jar
ClassPath file=/home/julian/.m2/repository/org/raml/raml-to-pojo/1.0.6/raml-to-pojo-1.0.6.jar
ClassPath file=/home/julian/.m2/repository/org/raml/test-utils/1.0.6/test-utils-1.0.6.jar
ClassPath file=/home/julian/.m2/repository/org/mockito/mockito-core/3.4.6/mockito-core-3.4.6.jar
ClassPath file=/home/julian/.m2/repository/net/bytebuddy/byte-buddy/1.10.13/byte-buddy-1.10.13.jar
ClassPath file=/home/julian/.m2/repository/net/bytebuddy/byte-buddy-agent/1.10.13/byte-buddy-agent-1.10.13.jar
ClassPath file=/home/julian/.m2/repository/org/objenesis/objenesis/2.6/objenesis-2.6.jar
ClassPath file=/home/julian/.m2/repository/com/google/code/gson/gson/2.5/gson-2.5.jar
ClassPath file=/home/julian/.m2/repository/org/codehaus/jackson/jackson-mapper-asl/1.9.1/jackson-mapper-asl-1.9.1.jar
ClassPath file=/home/julian/.m2/repository/org/codehaus/jackson/jackson-core-asl/1.9.1/jackson-core-asl-1.9.1.jar
ClassPath file=/home/julian/.m2/repository/javax/annotation/javax.annotation-api/1.3.2/javax.annotation-api-1.3.2.jar
ClassPath file=/home/julian/.m2/repository/com/squareup/javapoet/1.11.1/javapoet-1.11.1.jar
ClassPath file=/home/julian/.m2/repository/commons-cli/commons-cli/1.3.1/commons-cli-1.3.1.jar
ClassPath file=/home/julian/.m2/repository/javax/ws/rs/javax.ws.rs-api/2.0.1/javax.ws.rs-api-2.0.1.jar
ClassPath file=/home/julian/.m2/repository/com/google/guava/guava/19.0/guava-19.0.jar
ClassPath file=/home/julian/.m2/repository/org/jsonschema2pojo/jsonschema2pojo-core/0.5.1/jsonschema2pojo-core-0.5.1.jar
ClassPath file=/home/julian/.m2/repository/org/jsonschema2pojo/jsonschema2pojo-scalagen/0.5.1/jsonschema2pojo-scalagen-0.5.1.jar
ClassPath file=/home/julian/.m2/repository/net/sourceforge/collections/collections-generic/4.01/collections-generic-4.01.jar
ClassPath file=/home/julian/.m2/repository/com/fasterxml/jackson/dataformat/jackson-dataformat-yaml/2.11.3/jackson-dataformat-yaml-2.11.3.jar
ClassPath file=/home/julian/.m2/repository/org/scala-lang/scala-library/2.11.6/scala-library-2.11.6.jar
ClassPath file=/home/julian/.m2/repository/com/google/code/javaparser/javaparser/1.0.10/javaparser-1.0.10.jar
ClassPath file=/home/julian/.m2/repository/com/sun/codemodel/codemodel/2.6/codemodel-2.6.jar
ClassPath file=/home/julian/.m2/repository/com/google/code/findbugs/jsr305/3.0.1/jsr305-3.0.1.jar
ClassPath file=/home/julian/.m2/repository/com/squareup/moshi/moshi/1.5.0/moshi-1.5.0.jar
ClassPath file=/home/julian/.m2/repository/com/squareup/okio/okio/1.13.0/okio-1.13.0.jar
ClassPath file=/home/julian/.m2/repository/commons-lang/commons-lang/2.6/commons-lang-2.6.jar
ClassPath file=/home/julian/.m2/repository/joda-time/joda-time/2.2/joda-time-2.2.jar
ClassPath file=/home/julian/.m2/repository/com/google/code/findbugs/annotations/1.3.9/annotations-1.3.9.jar
ClassPath file=/home/julian/.m2/repository/com/sun/xml/bind/jaxb-xjc/2.1.6/jaxb-xjc-2.1.6.jar
ClassPath file=/home/julian/.m2/repository/com/sun/xml/bind/jaxb-xjc/2.1.6/jaxb-api.jar
ClassPath file=/home/julian/.m2/repository/com/sun/xml/bind/jaxb-xjc/2.1.6/jaxb-impl.jar
ClassPath file=/home/julian/.m2/repository/com/sun/xml/bind/jaxb-xjc/2.1.6/jsr173_1.0_api.jar
ClassPath file=/home/julian/.m2/repository/com/sun/xml/bind/jaxb-xjc/2.1.6/activation.jar
ClassPath file=/home/julian/.m2/repository/com/sun/xml/bind/jaxb-impl/2.1.6/jaxb-impl-2.1.6.jar
ClassPath file=/home/julian/.m2/repository/com/sun/xml/bind/jaxb-impl/2.1.6/jaxb-api.jar
ClassPath file=/home/julian/.m2/repository/com/sun/xml/bind/jaxb-impl/2.1.6/activation.jar
ClassPath file=/home/julian/.m2/repository/com/sun/xml/bind/jaxb-impl/2.1.6/jsr173_1.0_api.jar
ClassPath file=/home/julian/.m2/repository/com/sun/xml/bind/jaxb-impl/2.1.6/jaxb1-impl.jar
ClassPath file=/home/julian/.m2/repository/javax/validation/validation-api/2.0.1.Final/validation-api-2.0.1.Final.jar
ClassPath file=/home/julian/.m2/repository/org/hamcrest/hamcrest-all/1.3/hamcrest-all-1.3.jar
ClassPath file=/home/julian/.m2/repository/javax/xml/bind/jaxb-api/2.1/jaxb-api-2.1.jar
ClassPath file=/home/julian/.m2/repository/javax/xml/stream/stax-api/1.0-2/stax-api-1.0-2.jar
ClassPath file=/home/julian/.m2/repository/javax/activation/activation/1.1/activation-1.1.jar
ClassPath file=/home/julian/.m2/repository/org/apache/commons/commons-collections4/4.1/commons-collections4-4.1.jar
ClassPath file=/home/julian/.m2/repository/org/folio/domain-models-api-aspects/31.2.0-SNAPSHOT/domain-models-api-aspects-31.2.0-SNAPSHOT.jar
ClassPath file=/home/julian/.m2/repository/org/hibernate/validator/hibernate-validator/6.1.5.Final/hibernate-validator-6.1.5.Final.jar
ClassPath file=/home/julian/.m2/repository/jakarta/validation/jakarta.validation-api/2.0.2/jakarta.validation-api-2.0.2.jar
ClassPath file=/home/julian/.m2/repository/org/jboss/logging/jboss-logging/3.3.2.Final/jboss-logging-3.3.2.Final.jar
ClassPath file=/home/julian/.m2/repository/com/fasterxml/classmate/1.3.4/classmate-1.3.4.jar
ClassPath file=/home/julian/.m2/repository/javax/el/javax.el-api/3.0.1-b06/javax.el-api-3.0.1-b06.jar
ClassPath file=/home/julian/.m2/repository/org/glassfish/javax.el/3.0.1-b11/javax.el-3.0.1-b11.jar
ClassPath file=/home/julian/.m2/repository/org/aspectj/aspectjrt/1.9.6/aspectjrt-1.9.6.jar
ClassPath file=/home/julian/.m2/repository/org/javassist/javassist/3.27.0-GA/javassist-3.27.0-GA.jar
ClassPath file=/home/julian/.m2/repository/org/folio/util/31.2.0-SNAPSHOT/util-31.2.0-SNAPSHOT.jar
ClassPath file=/home/julian/.m2/repository/io/vertx/vertx-web/3.9.4/vertx-web-3.9.4.jar
ClassPath file=/home/julian/.m2/repository/io/vertx/vertx-web-common/3.9.4/vertx-web-common-3.9.4.jar
ClassPath file=/home/julian/.m2/repository/io/vertx/vertx-auth-common/3.9.4/vertx-auth-common-3.9.4.jar
ClassPath file=/home/julian/.m2/repository/io/vertx/vertx-bridge-common/3.9.4/vertx-bridge-common-3.9.4.jar
ClassPath file=/home/julian/.m2/repository/org/apache/maven/maven-model/3.3.9/maven-model-3.3.9.jar
ClassPath file=/home/julian/.m2/repository/xpp3/xpp3/1.1.4c/xpp3-1.1.4c.jar
ClassPath file=/home/julian/.m2/repository/org/hamcrest/hamcrest/2.2/hamcrest-2.2.jar
ClassPath file=/home/julian/.m2/repository/org/hamcrest/hamcrest-library/2.2/hamcrest-library-2.2.jar
ClassPath file=/home/julian/.m2/repository/org/hamcrest/hamcrest-core/2.2/hamcrest-core-2.2.jar
ClassPath file=/home/julian/.m2/repository/org/assertj/assertj-core/3.16.1/assertj-core-3.16.1.jar
ClassPath file=/home/julian/.m2/repository/junit/junit/4.13.1/junit-4.13.1.jar
ClassPath file=/home/julian/.m2/repository/org/junit/jupiter/junit-jupiter/5.7.0/junit-jupiter-5.7.0.jar
ClassPath file=/home/julian/.m2/repository/org/junit/jupiter/junit-jupiter-api/5.7.0/junit-jupiter-api-5.7.0.jar
ClassPath file=/home/julian/.m2/repository/org/opentest4j/opentest4j/1.2.0/opentest4j-1.2.0.jar
ClassPath file=/home/julian/.m2/repository/org/junit/platform/junit-platform-commons/1.7.0/junit-platform-commons-1.7.0.jar
ClassPath file=/home/julian/.m2/repository/org/junit/jupiter/junit-jupiter-params/5.7.0/junit-jupiter-params-5.7.0.jar
ClassPath file=/home/julian/.m2/repository/org/junit/jupiter/junit-jupiter-engine/5.7.0/junit-jupiter-engine-5.7.0.jar
ClassPath file=/home/julian/.m2/repository/org/junit/vintage/junit-vintage-engine/5.7.0/junit-vintage-engine-5.7.0.jar
ClassPath file=/home/julian/.m2/repository/org/apiguardian/apiguardian-api/1.1.0/apiguardian-api-1.1.0.jar
ClassPath file=/home/julian/.m2/repository/org/junit/platform/junit-platform-engine/1.7.0/junit-platform-engine-1.7.0.jar
ClassPath file=/home/julian/.m2/repository/com/github/javaparser/javaparser-core/3.16.1/javaparser-core-3.16.1.jar
org/folio/rest/client/TestResourceClient.java
[[1;34mINFO[m] [1;32mTests run: [0;1;32m1[m, Failures: 0, Errors: 0, Skipped: 0, Time elapsed: 0.107 s - in org.folio.rest.tools.[1mClientGeneratorTest[m
[[1;34mINFO[m] 
[[1;34mINFO[m] Results:
[[1;34mINFO[m] 
[[1;33mWARNING[m] [1;33mTests run: 91, Failures: 0, Errors: 0, Skipped: 1[m
[[1;34mINFO[m] 
[[1;34mINFO[m] 
[[1;34mINFO[m] [1m--- [0;32mmaven-jar-plugin:2.4:jar[m [1m(default-jar)[m @ [36mdomain-models-maven-plugin[0;1m ---[m
[[1;34mINFO[m] Building jar: /home/julian/git/raml-module-builder/domain-models-maven-plugin/target/domain-models-maven-plugin-31.2.0-SNAPSHOT.jar
[[1;34mINFO[m] 
[[1;34mINFO[m] [1m--- [0;32mmaven-plugin-plugin:3.6.0:addPluginArtifactMetadata[m [1m(default-addPluginArtifactMetadata)[m @ [36mdomain-models-maven-plugin[0;1m ---[m
[[1;34mINFO[m] 
[[1;34mINFO[m] [1m--- [0;32mmaven-install-plugin:2.4:install[m [1m(default-install)[m @ [36mdomain-models-maven-plugin[0;1m ---[m
[[1;34mINFO[m] Installing /home/julian/git/raml-module-builder/domain-models-maven-plugin/target/domain-models-maven-plugin-31.2.0-SNAPSHOT.jar to /home/julian/.m2/repository/org/folio/domain-models-maven-plugin/31.2.0-SNAPSHOT/domain-models-maven-plugin-31.2.0-SNAPSHOT.jar
[[1;34mINFO[m] Installing /home/julian/git/raml-module-builder/domain-models-maven-plugin/pom.xml to /home/julian/.m2/repository/org/folio/domain-models-maven-plugin/31.2.0-SNAPSHOT/domain-models-maven-plugin-31.2.0-SNAPSHOT.pom
[[1;34mINFO[m] [1m------------------------------------------------------------------------[m
[[1;34mINFO[m] [1;32mBUILD SUCCESS[m
[[1;34mINFO[m] [1m------------------------------------------------------------------------[m
[[1;34mINFO[m] Total time:  21.373 s
[[1;34mINFO[m] Finished at: 2020-11-30T16:09:21+01:00
[[1;34mINFO[m] [1m------------------------------------------------------------------------[m
